Logfile initialized
[INFO] logfile = /Users/hyokosdeveloper/Workspaces/Titanium/Zeus.App.Scaffolding/build.log
[DEBUG] /Users/hyokosdeveloper/Library/Application Support/Titanium/mobilesdk/osx/2.0.2.GA/android/builder.py simulator Zeus.App /Server/SDK/Frameworks/Android/android-sdk-macosx /Users/hyokosdeveloper/Workspaces/Titanium/Zeus.App.Scaffolding com.zeusframework.AppTemplate 7 WVGA854 /127.0.0.1:50594
[INFO] Building Zeus.App for Android ... one moment
[INFO] Titanium SDK version: 2.0.2 (05/30/12 10:21 2ff31a3)
[DEBUG] Waiting for device to be ready ...
[TRACE] adb devices returned 1 devices/emulators
[DEBUG] Device connected... (waited 0 seconds)
[DEBUG] waited 0.014165 seconds on emulator to get ready
[DEBUG] com.zeusframework.AppTemplate installed? False
[INFO] Fastdev server running, deploying in Fastdev mode
[INFO] Copying CommonJS modules...
[INFO] Copying project resources..
[INFO] Detected change in tiapp.xml, or assets deleted. Forcing full re-build...
[TRACE] COPYING CREATED FILE: /Users/hyokosdeveloper/Workspaces/Titanium/Zeus.App.Scaffolding/Resources/android/appicon.png => /Users/hyokosdeveloper/Workspaces/Titanium/Zeus.App.Scaffolding/build/android/bin/assets/Resources/appicon.png
[TRACE] COPYING CREATED FILE: /Users/hyokosdeveloper/Workspaces/Titanium/Zeus.App.Scaffolding/Resources/android/default.png => /Users/hyokosdeveloper/Workspaces/Titanium/Zeus.App.Scaffolding/build/android/bin/assets/Resources/default.png
[TRACE] COPYING CREATED FILE: /Users/hyokosdeveloper/Workspaces/Titanium/Zeus.App.Scaffolding/Resources/app.js => /Users/hyokosdeveloper/Workspaces/Titanium/Zeus.App.Scaffolding/build/android/bin/assets/Resources/app.js
[TRACE] COPYING CREATED FILE: /Users/hyokosdeveloper/Workspaces/Titanium/Zeus.App.Scaffolding/Resources/controllers/dashboard.js => /Users/hyokosdeveloper/Workspaces/Titanium/Zeus.App.Scaffolding/build/android/bin/assets/Resources/controllers/dashboard.js
[TRACE] COPYING CREATED FILE: /Users/hyokosdeveloper/Workspaces/Titanium/Zeus.App.Scaffolding/Resources/default_app_logo.png => /Users/hyokosdeveloper/Workspaces/Titanium/Zeus.App.Scaffolding/build/android/bin/assets/Resources/default_app_logo.png
[TRACE] COPYING CREATED FILE: /Users/hyokosdeveloper/Workspaces/Titanium/Zeus.App.Scaffolding/Resources/KS_nav_ui.png => /Users/hyokosdeveloper/Workspaces/Titanium/Zeus.App.Scaffolding/build/android/bin/assets/Resources/KS_nav_ui.png
[TRACE] COPYING CREATED FILE: /Users/hyokosdeveloper/Workspaces/Titanium/Zeus.App.Scaffolding/Resources/KS_nav_views.png => /Users/hyokosdeveloper/Workspaces/Titanium/Zeus.App.Scaffolding/build/android/bin/assets/Resources/KS_nav_views.png
[TRACE] COPYING CREATED FILE: /Users/hyokosdeveloper/Workspaces/Titanium/Zeus.App.Scaffolding/Resources/lib/api.js => /Users/hyokosdeveloper/Workspaces/Titanium/Zeus.App.Scaffolding/build/android/bin/assets/Resources/lib/api.js
[TRACE] COPYING CREATED FILE: /Users/hyokosdeveloper/Workspaces/Titanium/Zeus.App.Scaffolding/Resources/lib/app.js => /Users/hyokosdeveloper/Workspaces/Titanium/Zeus.App.Scaffolding/build/android/bin/assets/Resources/lib/app.js
[TRACE] COPYING CREATED FILE: /Users/hyokosdeveloper/Workspaces/Titanium/Zeus.App.Scaffolding/Resources/lib/helpers.js => /Users/hyokosdeveloper/Workspaces/Titanium/Zeus.App.Scaffolding/build/android/bin/assets/Resources/lib/helpers.js
[TRACE] COPYING CREATED FILE: /Users/hyokosdeveloper/Workspaces/Titanium/Zeus.App.Scaffolding/Resources/lib/http.js => /Users/hyokosdeveloper/Workspaces/Titanium/Zeus.App.Scaffolding/build/android/bin/assets/Resources/lib/http.js
[TRACE] COPYING CREATED FILE: /Users/hyokosdeveloper/Workspaces/Titanium/Zeus.App.Scaffolding/Resources/models/messages.js => /Users/hyokosdeveloper/Workspaces/Titanium/Zeus.App.Scaffolding/build/android/bin/assets/Resources/models/messages.js
[TRACE] COPYING CREATED FILE: /Users/hyokosdeveloper/Workspaces/Titanium/Zeus.App.Scaffolding/Resources/modules/sidebar/sidebar.js => /Users/hyokosdeveloper/Workspaces/Titanium/Zeus.App.Scaffolding/build/android/bin/assets/Resources/modules/sidebar/sidebar.js
[TRACE] COPYING CREATED FILE: /Users/hyokosdeveloper/Workspaces/Titanium/Zeus.App.Scaffolding/Resources/plugins/joli.js => /Users/hyokosdeveloper/Workspaces/Titanium/Zeus.App.Scaffolding/build/android/bin/assets/Resources/plugins/joli.js
[TRACE] COPYING CREATED FILE: /Users/hyokosdeveloper/Workspaces/Titanium/Zeus.App.Scaffolding/Resources/ui/dashboard/dashboard.js => /Users/hyokosdeveloper/Workspaces/Titanium/Zeus.App.Scaffolding/build/android/bin/assets/Resources/ui/dashboard/dashboard.js
[TRACE] COPYING CREATED FILE: /Users/hyokosdeveloper/Workspaces/Titanium/Zeus.App.Scaffolding/Resources/ui/dashboard/style.js => /Users/hyokosdeveloper/Workspaces/Titanium/Zeus.App.Scaffolding/build/android/bin/assets/Resources/ui/dashboard/style.js
[TRACE] Generating Java Classes
[DEBUG] Processing Android resource drawables
[TRACE] COPYING FILE: /Users/hyokosdeveloper/Workspaces/Titanium/Zeus.App.Scaffolding/Resources/android/images/res-long-land-hdpi/default.png => /Users/hyokosdeveloper/Workspaces/Titanium/Zeus.App.Scaffolding/build/android/res/drawable-long-land-hdpi/default_d44e27d97b.png
[TRACE] COPYING FILE: /Users/hyokosdeveloper/Workspaces/Titanium/Zeus.App.Scaffolding/Resources/android/images/res-long-land-ldpi/default.png => /Users/hyokosdeveloper/Workspaces/Titanium/Zeus.App.Scaffolding/build/android/res/drawable-long-land-ldpi/default_d44e27d97b.png
[TRACE] COPYING FILE: /Users/hyokosdeveloper/Workspaces/Titanium/Zeus.App.Scaffolding/Resources/android/images/res-long-port-hdpi/default.png => /Users/hyokosdeveloper/Workspaces/Titanium/Zeus.App.Scaffolding/build/android/res/drawable-long-port-hdpi/default_d44e27d97b.png
[TRACE] COPYING FILE: /Users/hyokosdeveloper/Workspaces/Titanium/Zeus.App.Scaffolding/Resources/android/images/res-long-port-ldpi/default.png => /Users/hyokosdeveloper/Workspaces/Titanium/Zeus.App.Scaffolding/build/android/res/drawable-long-port-ldpi/default_d44e27d97b.png
[TRACE] COPYING FILE: /Users/hyokosdeveloper/Workspaces/Titanium/Zeus.App.Scaffolding/Resources/android/images/res-notlong-land-hdpi/default.png => /Users/hyokosdeveloper/Workspaces/Titanium/Zeus.App.Scaffolding/build/android/res/drawable-notlong-land-hdpi/default_d44e27d97b.png
[TRACE] COPYING FILE: /Users/hyokosdeveloper/Workspaces/Titanium/Zeus.App.Scaffolding/Resources/android/images/res-notlong-land-ldpi/default.png => /Users/hyokosdeveloper/Workspaces/Titanium/Zeus.App.Scaffolding/build/android/res/drawable-notlong-land-ldpi/default_d44e27d97b.png
[TRACE] COPYING FILE: /Users/hyokosdeveloper/Workspaces/Titanium/Zeus.App.Scaffolding/Resources/android/images/res-notlong-land-mdpi/default.png => /Users/hyokosdeveloper/Workspaces/Titanium/Zeus.App.Scaffolding/build/android/res/drawable-notlong-land-mdpi/default_d44e27d97b.png
[TRACE] COPYING FILE: /Users/hyokosdeveloper/Workspaces/Titanium/Zeus.App.Scaffolding/Resources/android/images/res-notlong-port-hdpi/default.png => /Users/hyokosdeveloper/Workspaces/Titanium/Zeus.App.Scaffolding/build/android/res/drawable-notlong-port-hdpi/default_d44e27d97b.png
[TRACE] COPYING FILE: /Users/hyokosdeveloper/Workspaces/Titanium/Zeus.App.Scaffolding/Resources/android/images/res-notlong-port-ldpi/default.png => /Users/hyokosdeveloper/Workspaces/Titanium/Zeus.App.Scaffolding/build/android/res/drawable-notlong-port-ldpi/default_d44e27d97b.png
[TRACE] COPYING FILE: /Users/hyokosdeveloper/Workspaces/Titanium/Zeus.App.Scaffolding/Resources/android/images/res-notlong-port-mdpi/default.png => /Users/hyokosdeveloper/Workspaces/Titanium/Zeus.App.Scaffolding/build/android/res/drawable-notlong-port-mdpi/default_d44e27d97b.png
[DEBUG] app stylesheet => /Users/hyokosdeveloper/Workspaces/Titanium/Zeus.App.Scaffolding/build/android/gen/com/zeusframework/AppTemplate/ApplicationStylesheet.java
[DEBUG] copying app icon: /Users/hyokosdeveloper/Workspaces/Titanium/Zeus.App.Scaffolding/build/android/bin/assets/Resources/appicon.png
[DEBUG] generating theme.xml
[DEBUG] found drawable-long-land-hdpi splash screen at /Users/hyokosdeveloper/Workspaces/Titanium/Zeus.App.Scaffolding/Resources/android/images/res-long-land-hdpi/default.png
[DEBUG] copying /Users/hyokosdeveloper/Workspaces/Titanium/Zeus.App.Scaffolding/Resources/android/images/res-long-land-hdpi/default.png splash screen to /Users/hyokosdeveloper/Workspaces/Titanium/Zeus.App.Scaffolding/build/android/res/drawable-long-land-hdpi/background.png
[DEBUG] found drawable-long-land-ldpi splash screen at /Users/hyokosdeveloper/Workspaces/Titanium/Zeus.App.Scaffolding/Resources/android/images/res-long-land-ldpi/default.png
[DEBUG] copying /Users/hyokosdeveloper/Workspaces/Titanium/Zeus.App.Scaffolding/Resources/android/images/res-long-land-ldpi/default.png splash screen to /Users/hyokosdeveloper/Workspaces/Titanium/Zeus.App.Scaffolding/build/android/res/drawable-long-land-ldpi/background.png
[DEBUG] found drawable-long-port-hdpi splash screen at /Users/hyokosdeveloper/Workspaces/Titanium/Zeus.App.Scaffolding/Resources/android/images/res-long-port-hdpi/default.png
[DEBUG] copying /Users/hyokosdeveloper/Workspaces/Titanium/Zeus.App.Scaffolding/Resources/android/images/res-long-port-hdpi/default.png splash screen to /Users/hyokosdeveloper/Workspaces/Titanium/Zeus.App.Scaffolding/build/android/res/drawable-long-port-hdpi/background.png
[DEBUG] found drawable-long-port-ldpi splash screen at /Users/hyokosdeveloper/Workspaces/Titanium/Zeus.App.Scaffolding/Resources/android/images/res-long-port-ldpi/default.png
[DEBUG] copying /Users/hyokosdeveloper/Workspaces/Titanium/Zeus.App.Scaffolding/Resources/android/images/res-long-port-ldpi/default.png splash screen to /Users/hyokosdeveloper/Workspaces/Titanium/Zeus.App.Scaffolding/build/android/res/drawable-long-port-ldpi/background.png
[DEBUG] found drawable-notlong-land-hdpi splash screen at /Users/hyokosdeveloper/Workspaces/Titanium/Zeus.App.Scaffolding/Resources/android/images/res-notlong-land-hdpi/default.png
[DEBUG] copying /Users/hyokosdeveloper/Workspaces/Titanium/Zeus.App.Scaffolding/Resources/android/images/res-notlong-land-hdpi/default.png splash screen to /Users/hyokosdeveloper/Workspaces/Titanium/Zeus.App.Scaffolding/build/android/res/drawable-notlong-land-hdpi/background.png
[DEBUG] found drawable-notlong-land-ldpi splash screen at /Users/hyokosdeveloper/Workspaces/Titanium/Zeus.App.Scaffolding/Resources/android/images/res-notlong-land-ldpi/default.png
[DEBUG] copying /Users/hyokosdeveloper/Workspaces/Titanium/Zeus.App.Scaffolding/Resources/android/images/res-notlong-land-ldpi/default.png splash screen to /Users/hyokosdeveloper/Workspaces/Titanium/Zeus.App.Scaffolding/build/android/res/drawable-notlong-land-ldpi/background.png
[DEBUG] found drawable-notlong-land-mdpi splash screen at /Users/hyokosdeveloper/Workspaces/Titanium/Zeus.App.Scaffolding/Resources/android/images/res-notlong-land-mdpi/default.png
[DEBUG] copying /Users/hyokosdeveloper/Workspaces/Titanium/Zeus.App.Scaffolding/Resources/android/images/res-notlong-land-mdpi/default.png splash screen to /Users/hyokosdeveloper/Workspaces/Titanium/Zeus.App.Scaffolding/build/android/res/drawable-notlong-land-mdpi/background.png
[DEBUG] found drawable-notlong-port-hdpi splash screen at /Users/hyokosdeveloper/Workspaces/Titanium/Zeus.App.Scaffolding/Resources/android/images/res-notlong-port-hdpi/default.png
[DEBUG] copying /Users/hyokosdeveloper/Workspaces/Titanium/Zeus.App.Scaffolding/Resources/android/images/res-notlong-port-hdpi/default.png splash screen to /Users/hyokosdeveloper/Workspaces/Titanium/Zeus.App.Scaffolding/build/android/res/drawable-notlong-port-hdpi/background.png
[DEBUG] found drawable-notlong-port-ldpi splash screen at /Users/hyokosdeveloper/Workspaces/Titanium/Zeus.App.Scaffolding/Resources/android/images/res-notlong-port-ldpi/default.png
[DEBUG] copying /Users/hyokosdeveloper/Workspaces/Titanium/Zeus.App.Scaffolding/Resources/android/images/res-notlong-port-ldpi/default.png splash screen to /Users/hyokosdeveloper/Workspaces/Titanium/Zeus.App.Scaffolding/build/android/res/drawable-notlong-port-ldpi/background.png
[DEBUG] found drawable-notlong-port-mdpi splash screen at /Users/hyokosdeveloper/Workspaces/Titanium/Zeus.App.Scaffolding/Resources/android/images/res-notlong-port-mdpi/default.png
[DEBUG] copying /Users/hyokosdeveloper/Workspaces/Titanium/Zeus.App.Scaffolding/Resources/android/images/res-notlong-port-mdpi/default.png splash screen to /Users/hyokosdeveloper/Workspaces/Titanium/Zeus.App.Scaffolding/build/android/res/drawable-notlong-port-mdpi/background.png
[DEBUG] found splash screen at /Users/hyokosdeveloper/Workspaces/Titanium/Zeus.App.Scaffolding/build/android/bin/assets/Resources/default.png
[TRACE] Writing out AndroidManifest.xml
[DEBUG] adding /Users/hyokosdeveloper/Workspaces/Titanium/Zeus.App.Scaffolding/build/android/gen/com/zeusframework/AppTemplate/ApplicationStylesheet.java to javac build list
[DEBUG] adding /Users/hyokosdeveloper/Workspaces/Titanium/Zeus.App.Scaffolding/build/android/gen/com/zeusframework/AppTemplate/R.java to javac build list
[DEBUG] adding /Users/hyokosdeveloper/Workspaces/Titanium/Zeus.App.Scaffolding/build/android/gen/com/zeusframework/AppTemplate/ZeusAppActivity.java to javac build list
[DEBUG] adding /Users/hyokosdeveloper/Workspaces/Titanium/Zeus.App.Scaffolding/build/android/gen/com/zeusframework/AppTemplate/ZeusAppAppInfo.java to javac build list
[DEBUG] adding /Users/hyokosdeveloper/Workspaces/Titanium/Zeus.App.Scaffolding/build/android/gen/com/zeusframework/AppTemplate/ZeusAppApplication.java to javac build list
[DEBUG] Building Java Sources: "/Users/hyokosdeveloper/Workspaces/Titanium/Zeus.App.Scaffolding/build/android/gen/com/zeusframework/AppTemplate/ApplicationStylesheet.java" "/Users/hyokosdeveloper/Workspaces/Titanium/Zeus.App.Scaffolding/build/android/gen/com/zeusframework/AppTemplate/R.java" "/Users/hyokosdeveloper/Workspaces/Titanium/Zeus.App.Scaffolding/build/android/gen/com/zeusframework/AppTemplate/ZeusAppActivity.java" "/Users/hyokosdeveloper/Workspaces/Titanium/Zeus.App.Scaffolding/build/android/gen/com/zeusframework/AppTemplate/ZeusAppAppInfo.java" "/Users/hyokosdeveloper/Workspaces/Titanium/Zeus.App.Scaffolding/build/android/gen/com/zeusframework/AppTemplate/ZeusAppApplication.java"
[INFO] Waiting for SDCard to become available..
[INFO] Compiling Android Resources... This could take some time
[DEBUG] Android classes.dex built
[DEBUG] creating unsigned apk: /Users/hyokosdeveloper/Workspaces/Titanium/Zeus.App.Scaffolding/build/android/bin/app-unsigned.apk
[DEBUG] from resource zip => assets/Resources/controllers/dashboard.js
[DEBUG] from resource zip => assets/Resources/lib/api.js
[DEBUG] from resource zip => assets/Resources/lib/app.js
[DEBUG] from resource zip => assets/Resources/lib/helpers.js
[DEBUG] from resource zip => assets/Resources/lib/http.js
[DEBUG] from resource zip => assets/Resources/models/messages.js
[DEBUG] from resource zip => assets/Resources/modules/sidebar/sidebar.js
[DEBUG] from resource zip => assets/Resources/plugins/joli.js
[DEBUG] from resource zip => assets/Resources/ui/dashboard/dashboard.js
[DEBUG] from resource zip => assets/Resources/ui/dashboard/style.js
[DEBUG] from resource zip => assets/Resources/KS_nav_ui.png
[DEBUG] from resource zip => assets/Resources/KS_nav_views.png
[DEBUG] from resource zip => assets/Resources/app.js
[DEBUG] from resource zip => assets/Resources/appicon.png
[DEBUG] from resource zip => assets/Resources/default.png
[DEBUG] from resource zip => assets/Resources/default_app_logo.png
[DEBUG] from resource zip => assets/app.json
[DEBUG] from resource zip => assets/index.json
[DEBUG] from resource zip => assets/tiapp.xml
[DEBUG] from resource zip => res/drawable/appicon.png
[DEBUG] from resource zip => res/drawable/background.png
[DEBUG] from resource zip => res/drawable/close.png
[DEBUG] from resource zip => res/drawable/facebook_login.png
[DEBUG] from resource zip => res/drawable/facebook_login_down.png
[DEBUG] from resource zip => res/drawable/facebook_login_wide.png
[DEBUG] from resource zip => res/drawable/facebook_login_wide_down.png
[DEBUG] from resource zip => res/drawable/facebook_logout.png
[DEBUG] from resource zip => res/drawable/facebook_logout_down.png
[DEBUG] from resource zip => res/layout/titanium_tabgroup.xml
[DEBUG] from resource zip => AndroidManifest.xml
[DEBUG] from resource zip => resources.arsc
[DEBUG] from resource zip => res/drawable-hdpi/close.png
[DEBUG] from resource zip => res/drawable-ldpi/close.png
[DEBUG] from resource zip => res/drawable-long-land-hdpi/background.png
[DEBUG] from resource zip => res/drawable-long-land-hdpi/default_d44e27d97b.png
[DEBUG] from resource zip => res/drawable-long-land-ldpi/background.png
[DEBUG] from resource zip => res/drawable-long-land-ldpi/default_d44e27d97b.png
[DEBUG] from resource zip => res/drawable-long-port-hdpi/background.png
[DEBUG] from resource zip => res/drawable-long-port-hdpi/default_d44e27d97b.png
[DEBUG] from resource zip => res/drawable-long-port-ldpi/background.png
[DEBUG] from resource zip => res/drawable-long-port-ldpi/default_d44e27d97b.png
[DEBUG] from resource zip => res/drawable-notlong-land-hdpi/background.png
[DEBUG] from resource zip => res/drawable-notlong-land-hdpi/default_d44e27d97b.png
[DEBUG] from resource zip => res/drawable-notlong-land-ldpi/background.png
[DEBUG] from resource zip => res/drawable-notlong-land-ldpi/default_d44e27d97b.png
[DEBUG] from resource zip => res/drawable-notlong-land-mdpi/background.png
[DEBUG] from resource zip => res/drawable-notlong-land-mdpi/default_d44e27d97b.png
[DEBUG] from resource zip => res/drawable-notlong-port-hdpi/background.png
[DEBUG] from resource zip => res/drawable-notlong-port-hdpi/default_d44e27d97b.png
[DEBUG] from resource zip => res/drawable-notlong-port-ldpi/background.png
[DEBUG] from resource zip => res/drawable-notlong-port-ldpi/default_d44e27d97b.png
[DEBUG] from resource zip => res/drawable-notlong-port-mdpi/background.png
[DEBUG] from resource zip => res/drawable-notlong-port-mdpi/default_d44e27d97b.png
[DEBUG] from JAR /Users/hyokosdeveloper/Library/Application Support/Titanium/mobilesdk/osx/2.0.2.GA/android/modules/titanium-ui.jar => ti/modules/titanium/ui/widget/webview/binding.js
[DEBUG] from JAR /Users/hyokosdeveloper/Library/Application Support/Titanium/mobilesdk/osx/2.0.2.GA/android/modules/titanium-ui.jar => ti/modules/titanium/ui/widget/webview/binding.min.js
[DEBUG] from JAR /Users/hyokosdeveloper/Library/Application Support/Titanium/mobilesdk/osx/2.0.2.GA/android/modules/titanium-ui.jar => ti/modules/titanium/ui/widget/webview/json2.js
[DEBUG] from JAR /Users/hyokosdeveloper/Library/Application Support/Titanium/mobilesdk/osx/2.0.2.GA/android/modules/titanium-facebook.jar => ti/modules/titanium/facebook/LICENSE
[DEBUG] from JAR /Users/hyokosdeveloper/Library/Application Support/Titanium/mobilesdk/osx/2.0.2.GA/android/thirdparty.jar => org/apache/Commons-NOTICE.txt
[DEBUG] from JAR /Users/hyokosdeveloper/Library/Application Support/Titanium/mobilesdk/osx/2.0.2.GA/android/thirdparty.jar => org/apache/HttpComponents-NOTICE.txt
[DEBUG] from JAR /Users/hyokosdeveloper/Library/Application Support/Titanium/mobilesdk/osx/2.0.2.GA/android/thirdparty.jar => org/apache/mime4j-NOTICE.txt
[DEBUG] from JAR /Users/hyokosdeveloper/Library/Application Support/Titanium/mobilesdk/osx/2.0.2.GA/android/titanium.jar => org/appcelerator/titanium/build.properties
[DEBUG] from JAR /Users/hyokosdeveloper/Library/Application Support/Titanium/mobilesdk/osx/2.0.2.GA/android/titanium.jar => org/appcelerator/titanium/res/drawable/background.png
[DEBUG] from JAR /Users/hyokosdeveloper/Library/Application Support/Titanium/mobilesdk/osx/2.0.2.GA/android/titanium.jar => org/appcelerator/titanium/res/drawable/btn_check_buttonless_on.png
[DEBUG] from JAR /Users/hyokosdeveloper/Library/Application Support/Titanium/mobilesdk/osx/2.0.2.GA/android/titanium.jar => org/appcelerator/titanium/res/drawable/btn_check_buttonless_on_18.png
[DEBUG] from JAR /Users/hyokosdeveloper/Library/Application Support/Titanium/mobilesdk/osx/2.0.2.GA/android/titanium.jar => org/appcelerator/titanium/res/drawable/btn_check_buttonless_on_48.png
[DEBUG] from JAR /Users/hyokosdeveloper/Library/Application Support/Titanium/mobilesdk/osx/2.0.2.GA/android/titanium.jar => org/appcelerator/titanium/res/drawable/btn_more.png
[DEBUG] from JAR /Users/hyokosdeveloper/Library/Application Support/Titanium/mobilesdk/osx/2.0.2.GA/android/titanium.jar => org/appcelerator/titanium/res/drawable/btn_more_18.png
[DEBUG] from JAR /Users/hyokosdeveloper/Library/Application Support/Titanium/mobilesdk/osx/2.0.2.GA/android/titanium.jar => org/appcelerator/titanium/res/drawable/btn_more_48.png
[DEBUG] from JAR /Users/hyokosdeveloper/Library/Application Support/Titanium/mobilesdk/osx/2.0.2.GA/android/titanium.jar => org/appcelerator/titanium/res/drawable/btn_picker_normal.9.png
[DEBUG] from JAR /Users/hyokosdeveloper/Library/Application Support/Titanium/mobilesdk/osx/2.0.2.GA/android/titanium.jar => org/appcelerator/titanium/res/drawable/btn_picker_pressed.9.png
[DEBUG] from JAR /Users/hyokosdeveloper/Library/Application Support/Titanium/mobilesdk/osx/2.0.2.GA/android/titanium.jar => org/appcelerator/titanium/res/drawable/btn_picker_selected.9.png
[DEBUG] from JAR /Users/hyokosdeveloper/Library/Application Support/Titanium/mobilesdk/osx/2.0.2.GA/android/titanium.jar => org/appcelerator/titanium/res/drawable/default_icon.png
[DEBUG] from JAR /Users/hyokosdeveloper/Library/Application Support/Titanium/mobilesdk/osx/2.0.2.GA/android/titanium.jar => org/appcelerator/titanium/res/drawable/photoDefault.png
[DEBUG] installing native SDK libs
[DEBUG] Waiting for device to be ready ...
[TRACE] adb devices returned 1 devices/emulators
[DEBUG] Device connected... (waited 0 seconds)
[DEBUG] waited 0.014389 seconds on emulator to get ready
[INFO] Installing application on emulator
[INFO] Launching application ... Zeus.App
[TRACE] Launch output: Starting: Intent { act=android.intent.action.MAIN cat=[android.intent.category.LAUNCHER] cmp=com.zeusframework.AppTemplate/.ZeusAppActivity }

[INFO] Deployed Zeus.App ... Application should be running.
[INFO] Forwarding host port 50594 to device for debugging.
