Logfile initialized
[INFO] logfile = C:\Users\Daniel\My Documents\Titanium Studio Workspace\titaniumGallery\build.log
[DEBUG] C:\Users\Daniel\AppData\Roaming\Titanium\mobilesdk\win32\2.0.0.v20120330103228\android\builder.py simulator titaniumGallery E:\Android Development\android C:\Users\Daniel\My Documents\Titanium Studio Workspace\titaniumGallery com.nextwebart.titaniumgallery 12 HVGA
[INFO] Building titaniumGallery for Android ... one moment
[INFO] Titanium SDK version: 2.0.0 (03/30/12 10:32 b091bae)
[DEBUG] Waiting for device to be ready ...
[TRACE] adb devices returned 1 devices/emulators
[TRACE] adb devices returned 1 devices/emulators
[TRACE] adb devices returned 1 devices/emulators
[DEBUG] Device connected... (waited 10 seconds)
[DEBUG] waited 10.071000 seconds on emulator to get ready
[INFO] Waiting for the Android Emulator to become available
[DEBUG] com.nextwebart.titaniumgallery installed? True
[INFO] Fastdev server running, deploying in Fastdev mode
[INFO] Copying CommonJS modules...
[INFO] Copying project resources..
[INFO] Tiapp.xml unchanged, skipping class generation
[DEBUG] Processing Android resource drawables
[DEBUG] found drawable-long-land-hdpi splash screen at C:\Users\Daniel\My Documents\Titanium Studio Workspace\titaniumGallery\Resources\android\images\res-long-land-hdpi\default.png
[DEBUG] found drawable-long-land-ldpi splash screen at C:\Users\Daniel\My Documents\Titanium Studio Workspace\titaniumGallery\Resources\android\images\res-long-land-ldpi\default.png
[DEBUG] found drawable-long-port-hdpi splash screen at C:\Users\Daniel\My Documents\Titanium Studio Workspace\titaniumGallery\Resources\android\images\res-long-port-hdpi\default.png
[DEBUG] found drawable-long-port-ldpi splash screen at C:\Users\Daniel\My Documents\Titanium Studio Workspace\titaniumGallery\Resources\android\images\res-long-port-ldpi\default.png
[DEBUG] found drawable-notlong-land-hdpi splash screen at C:\Users\Daniel\My Documents\Titanium Studio Workspace\titaniumGallery\Resources\android\images\res-notlong-land-hdpi\default.png
[DEBUG] found drawable-notlong-land-ldpi splash screen at C:\Users\Daniel\My Documents\Titanium Studio Workspace\titaniumGallery\Resources\android\images\res-notlong-land-ldpi\default.png
[DEBUG] found drawable-notlong-land-mdpi splash screen at C:\Users\Daniel\My Documents\Titanium Studio Workspace\titaniumGallery\Resources\android\images\res-notlong-land-mdpi\default.png
[DEBUG] found drawable-notlong-port-hdpi splash screen at C:\Users\Daniel\My Documents\Titanium Studio Workspace\titaniumGallery\Resources\android\images\res-notlong-port-hdpi\default.png
[DEBUG] found drawable-notlong-port-ldpi splash screen at C:\Users\Daniel\My Documents\Titanium Studio Workspace\titaniumGallery\Resources\android\images\res-notlong-port-ldpi\default.png
[DEBUG] found drawable-notlong-port-mdpi splash screen at C:\Users\Daniel\My Documents\Titanium Studio Workspace\titaniumGallery\Resources\android\images\res-notlong-port-mdpi\default.png
[INFO] Waiting for SDCard to become available..
[ERROR] Timed out waiting for SDCard to become available (60s)
[INFO] Re-launching application ... titaniumGallery
[INFO] Launching application ... titaniumGallery
[TRACE] Launch output: Starting: Intent { act=android.intent.action.MAIN cat=[android.intent.category.LAUNCHER] cmp=com.nextwebart.titaniumgallery/.TitaniumgalleryActivity }
Warning: Activity not started, its current task has been brought to the front

[INFO] Relaunched titaniumGallery ... Application should be running.
