Logfile initialized
[INFO] logfile = /Users/tpoulsen/Documents/Titanium Studio Workspace/CustomFonts/build.log
[DEBUG] /Library/Application Support/Titanium/mobilesdk/osx/1.8.0.1/android/builder.py simulator CustomFonts /android-sdk /Users/tpoulsen/Documents/Titanium Studio Workspace/CustomFonts com.appcelerator.customfonts 6 WVGA854 
[INFO] Building CustomFonts for Android ... one moment
[INFO] Titanium SDK version: 1.8.0.1 (12/22/11 13:09 fbdc96f)
[DEBUG] Waiting for device to be ready ...
[TRACE] adb devices returned 1 devices/emulators
[TRACE] adb devices returned 1 devices/emulators
[TRACE] adb devices returned 1 devices/emulators
[TRACE] adb devices returned 1 devices/emulators
[TRACE] adb devices returned 1 devices/emulators
[TRACE] adb devices returned 1 devices/emulators
[TRACE] adb devices returned 1 devices/emulators
[TRACE] adb devices returned 1 devices/emulators
[TRACE] adb devices returned 1 devices/emulators
[DEBUG] Device connected... (waited 40 seconds)
[DEBUG] waited 40.076600 seconds on emulator to get ready
[INFO] Waiting for the Android Emulator to become available
[DEBUG] com.appcelerator.customfonts installed? True
[INFO] Fastdev server running, deploying in Fastdev mode
[INFO] Copying project resources..
[INFO] Detected tiapp.xml change (or assets deleted), forcing full re-build...
[TRACE] COPYING CREATED FILE: /Users/tpoulsen/Documents/Titanium Studio Workspace/CustomFonts/Resources/android/appicon.png => /Users/tpoulsen/Documents/Titanium Studio Workspace/CustomFonts/build/android/bin/assets/Resources/appicon.png
[TRACE] COPYING CREATED FILE: /Users/tpoulsen/Documents/Titanium Studio Workspace/CustomFonts/Resources/android/default.png => /Users/tpoulsen/Documents/Titanium Studio Workspace/CustomFonts/build/android/bin/assets/Resources/default.png
[TRACE] COPYING CREATED FILE: /Users/tpoulsen/Documents/Titanium Studio Workspace/CustomFonts/Resources/app.js => /Users/tpoulsen/Documents/Titanium Studio Workspace/CustomFonts/build/android/bin/assets/Resources/app.js
[TRACE] COPYING CREATED FILE: /Users/tpoulsen/Documents/Titanium Studio Workspace/CustomFonts/Resources/fonts/burnstown_dam.otf => /Users/tpoulsen/Documents/Titanium Studio Workspace/CustomFonts/build/android/bin/assets/Resources/fonts/burnstown_dam.otf
[TRACE] COPYING CREATED FILE: /Users/tpoulsen/Documents/Titanium Studio Workspace/CustomFonts/Resources/fonts/SpicyRice-Regular.ttf => /Users/tpoulsen/Documents/Titanium Studio Workspace/CustomFonts/build/android/bin/assets/Resources/fonts/SpicyRice-Regular.ttf
[TRACE] COPYING CREATED FILE: /Users/tpoulsen/Documents/Titanium Studio Workspace/CustomFonts/Resources/KS_nav_ui.png => /Users/tpoulsen/Documents/Titanium Studio Workspace/CustomFonts/build/android/bin/assets/Resources/KS_nav_ui.png
[TRACE] COPYING CREATED FILE: /Users/tpoulsen/Documents/Titanium Studio Workspace/CustomFonts/Resources/KS_nav_views.png => /Users/tpoulsen/Documents/Titanium Studio Workspace/CustomFonts/build/android/bin/assets/Resources/KS_nav_views.png
[TRACE] Generating Java Classes
[DEBUG] Processing Android resource drawables
[TRACE] COPYING FILE: /Users/tpoulsen/Documents/Titanium Studio Workspace/CustomFonts/Resources/android/images/res-long-land-hdpi/default.png => /Users/tpoulsen/Documents/Titanium Studio Workspace/CustomFonts/build/android/res/drawable-long-land-hdpi/default_d44e27d97b.png
[TRACE] COPYING FILE: /Users/tpoulsen/Documents/Titanium Studio Workspace/CustomFonts/Resources/android/images/res-long-land-ldpi/default.png => /Users/tpoulsen/Documents/Titanium Studio Workspace/CustomFonts/build/android/res/drawable-long-land-ldpi/default_d44e27d97b.png
[TRACE] COPYING FILE: /Users/tpoulsen/Documents/Titanium Studio Workspace/CustomFonts/Resources/android/images/res-long-port-hdpi/default.png => /Users/tpoulsen/Documents/Titanium Studio Workspace/CustomFonts/build/android/res/drawable-long-port-hdpi/default_d44e27d97b.png
[TRACE] COPYING FILE: /Users/tpoulsen/Documents/Titanium Studio Workspace/CustomFonts/Resources/android/images/res-long-port-ldpi/default.png => /Users/tpoulsen/Documents/Titanium Studio Workspace/CustomFonts/build/android/res/drawable-long-port-ldpi/default_d44e27d97b.png
[TRACE] COPYING FILE: /Users/tpoulsen/Documents/Titanium Studio Workspace/CustomFonts/Resources/android/images/res-notlong-land-hdpi/default.png => /Users/tpoulsen/Documents/Titanium Studio Workspace/CustomFonts/build/android/res/drawable-notlong-land-hdpi/default_d44e27d97b.png
[TRACE] COPYING FILE: /Users/tpoulsen/Documents/Titanium Studio Workspace/CustomFonts/Resources/android/images/res-notlong-land-ldpi/default.png => /Users/tpoulsen/Documents/Titanium Studio Workspace/CustomFonts/build/android/res/drawable-notlong-land-ldpi/default_d44e27d97b.png
[TRACE] COPYING FILE: /Users/tpoulsen/Documents/Titanium Studio Workspace/CustomFonts/Resources/android/images/res-notlong-land-mdpi/default.png => /Users/tpoulsen/Documents/Titanium Studio Workspace/CustomFonts/build/android/res/drawable-notlong-land-mdpi/default_d44e27d97b.png
[TRACE] COPYING FILE: /Users/tpoulsen/Documents/Titanium Studio Workspace/CustomFonts/Resources/android/images/res-notlong-port-hdpi/default.png => /Users/tpoulsen/Documents/Titanium Studio Workspace/CustomFonts/build/android/res/drawable-notlong-port-hdpi/default_d44e27d97b.png
[TRACE] COPYING FILE: /Users/tpoulsen/Documents/Titanium Studio Workspace/CustomFonts/Resources/android/images/res-notlong-port-ldpi/default.png => /Users/tpoulsen/Documents/Titanium Studio Workspace/CustomFonts/build/android/res/drawable-notlong-port-ldpi/default_d44e27d97b.png
[TRACE] COPYING FILE: /Users/tpoulsen/Documents/Titanium Studio Workspace/CustomFonts/Resources/android/images/res-notlong-port-mdpi/default.png => /Users/tpoulsen/Documents/Titanium Studio Workspace/CustomFonts/build/android/res/drawable-notlong-port-mdpi/default_d44e27d97b.png
[DEBUG] app stylesheet => /Users/tpoulsen/Documents/Titanium Studio Workspace/CustomFonts/build/android/gen/com/appcelerator/customfonts/ApplicationStylesheet.java
[DEBUG] copying app icon: /Users/tpoulsen/Documents/Titanium Studio Workspace/CustomFonts/build/android/bin/assets/Resources/appicon.png
[DEBUG] generating theme.xml
[DEBUG] found drawable-long-land-hdpi splash screen at /Users/tpoulsen/Documents/Titanium Studio Workspace/CustomFonts/Resources/android/images/res-long-land-hdpi/default.png
[DEBUG] copying /Users/tpoulsen/Documents/Titanium Studio Workspace/CustomFonts/Resources/android/images/res-long-land-hdpi/default.png splash screen to /Users/tpoulsen/Documents/Titanium Studio Workspace/CustomFonts/build/android/res/drawable-long-land-hdpi/background.png
[DEBUG] found drawable-long-land-ldpi splash screen at /Users/tpoulsen/Documents/Titanium Studio Workspace/CustomFonts/Resources/android/images/res-long-land-ldpi/default.png
[DEBUG] copying /Users/tpoulsen/Documents/Titanium Studio Workspace/CustomFonts/Resources/android/images/res-long-land-ldpi/default.png splash screen to /Users/tpoulsen/Documents/Titanium Studio Workspace/CustomFonts/build/android/res/drawable-long-land-ldpi/background.png
[DEBUG] found drawable-long-port-hdpi splash screen at /Users/tpoulsen/Documents/Titanium Studio Workspace/CustomFonts/Resources/android/images/res-long-port-hdpi/default.png
[DEBUG] copying /Users/tpoulsen/Documents/Titanium Studio Workspace/CustomFonts/Resources/android/images/res-long-port-hdpi/default.png splash screen to /Users/tpoulsen/Documents/Titanium Studio Workspace/CustomFonts/build/android/res/drawable-long-port-hdpi/background.png
[DEBUG] found drawable-long-port-ldpi splash screen at /Users/tpoulsen/Documents/Titanium Studio Workspace/CustomFonts/Resources/android/images/res-long-port-ldpi/default.png
[DEBUG] copying /Users/tpoulsen/Documents/Titanium Studio Workspace/CustomFonts/Resources/android/images/res-long-port-ldpi/default.png splash screen to /Users/tpoulsen/Documents/Titanium Studio Workspace/CustomFonts/build/android/res/drawable-long-port-ldpi/background.png
[DEBUG] found drawable-notlong-land-hdpi splash screen at /Users/tpoulsen/Documents/Titanium Studio Workspace/CustomFonts/Resources/android/images/res-notlong-land-hdpi/default.png
[DEBUG] copying /Users/tpoulsen/Documents/Titanium Studio Workspace/CustomFonts/Resources/android/images/res-notlong-land-hdpi/default.png splash screen to /Users/tpoulsen/Documents/Titanium Studio Workspace/CustomFonts/build/android/res/drawable-notlong-land-hdpi/background.png
[DEBUG] found drawable-notlong-land-ldpi splash screen at /Users/tpoulsen/Documents/Titanium Studio Workspace/CustomFonts/Resources/android/images/res-notlong-land-ldpi/default.png
[DEBUG] copying /Users/tpoulsen/Documents/Titanium Studio Workspace/CustomFonts/Resources/android/images/res-notlong-land-ldpi/default.png splash screen to /Users/tpoulsen/Documents/Titanium Studio Workspace/CustomFonts/build/android/res/drawable-notlong-land-ldpi/background.png
[DEBUG] found drawable-notlong-land-mdpi splash screen at /Users/tpoulsen/Documents/Titanium Studio Workspace/CustomFonts/Resources/android/images/res-notlong-land-mdpi/default.png
[DEBUG] copying /Users/tpoulsen/Documents/Titanium Studio Workspace/CustomFonts/Resources/android/images/res-notlong-land-mdpi/default.png splash screen to /Users/tpoulsen/Documents/Titanium Studio Workspace/CustomFonts/build/android/res/drawable-notlong-land-mdpi/background.png
[DEBUG] found drawable-notlong-port-hdpi splash screen at /Users/tpoulsen/Documents/Titanium Studio Workspace/CustomFonts/Resources/android/images/res-notlong-port-hdpi/default.png
[DEBUG] copying /Users/tpoulsen/Documents/Titanium Studio Workspace/CustomFonts/Resources/android/images/res-notlong-port-hdpi/default.png splash screen to /Users/tpoulsen/Documents/Titanium Studio Workspace/CustomFonts/build/android/res/drawable-notlong-port-hdpi/background.png
[DEBUG] found drawable-notlong-port-ldpi splash screen at /Users/tpoulsen/Documents/Titanium Studio Workspace/CustomFonts/Resources/android/images/res-notlong-port-ldpi/default.png
[DEBUG] copying /Users/tpoulsen/Documents/Titanium Studio Workspace/CustomFonts/Resources/android/images/res-notlong-port-ldpi/default.png splash screen to /Users/tpoulsen/Documents/Titanium Studio Workspace/CustomFonts/build/android/res/drawable-notlong-port-ldpi/background.png
[DEBUG] found drawable-notlong-port-mdpi splash screen at /Users/tpoulsen/Documents/Titanium Studio Workspace/CustomFonts/Resources/android/images/res-notlong-port-mdpi/default.png
[DEBUG] copying /Users/tpoulsen/Documents/Titanium Studio Workspace/CustomFonts/Resources/android/images/res-notlong-port-mdpi/default.png splash screen to /Users/tpoulsen/Documents/Titanium Studio Workspace/CustomFonts/build/android/res/drawable-notlong-port-mdpi/background.png
[DEBUG] found splash screen at /Users/tpoulsen/Documents/Titanium Studio Workspace/CustomFonts/build/android/bin/assets/Resources/default.png
[TRACE] Writing out AndroidManifest.xml
[DEBUG] adding /Users/tpoulsen/Documents/Titanium Studio Workspace/CustomFonts/build/android/gen/com/appcelerator/customfonts/ApplicationStylesheet.java to javac build list
[DEBUG] adding /Users/tpoulsen/Documents/Titanium Studio Workspace/CustomFonts/build/android/gen/com/appcelerator/customfonts/CustomfontsActivity.java to javac build list
[DEBUG] adding /Users/tpoulsen/Documents/Titanium Studio Workspace/CustomFonts/build/android/gen/com/appcelerator/customfonts/CustomfontsAppInfo.java to javac build list
[DEBUG] adding /Users/tpoulsen/Documents/Titanium Studio Workspace/CustomFonts/build/android/gen/com/appcelerator/customfonts/CustomfontsApplication.java to javac build list
[DEBUG] adding /Users/tpoulsen/Documents/Titanium Studio Workspace/CustomFonts/build/android/gen/com/appcelerator/customfonts/R.java to javac build list
[DEBUG] Building Java Sources: "/Users/tpoulsen/Documents/Titanium Studio Workspace/CustomFonts/build/android/gen/com/appcelerator/customfonts/ApplicationStylesheet.java" "/Users/tpoulsen/Documents/Titanium Studio Workspace/CustomFonts/build/android/gen/com/appcelerator/customfonts/CustomfontsActivity.java" "/Users/tpoulsen/Documents/Titanium Studio Workspace/CustomFonts/build/android/gen/com/appcelerator/customfonts/CustomfontsAppInfo.java" "/Users/tpoulsen/Documents/Titanium Studio Workspace/CustomFonts/build/android/gen/com/appcelerator/customfonts/CustomfontsApplication.java" "/Users/tpoulsen/Documents/Titanium Studio Workspace/CustomFonts/build/android/gen/com/appcelerator/customfonts/R.java"
[INFO] Waiting for SDCard to become available..
[INFO] Compiling Android Resources... This could take some time
[DEBUG] Android classes.dex built
[DEBUG] creating unsigned apk: /Users/tpoulsen/Documents/Titanium Studio Workspace/CustomFonts/build/android/bin/app-unsigned.apk
[DEBUG] from resource zip => assets/Resources/fonts/SpicyRice-Regular.ttf
[DEBUG] from resource zip => assets/Resources/fonts/burnstown_dam.otf
[DEBUG] from resource zip => assets/Resources/KS_nav_ui.png
[DEBUG] from resource zip => assets/Resources/KS_nav_views.png
[DEBUG] from resource zip => assets/Resources/app.js
[DEBUG] from resource zip => assets/Resources/appicon.png
[DEBUG] from resource zip => assets/Resources/default.png
[DEBUG] from resource zip => assets/app.json
[DEBUG] from resource zip => assets/index.json
[DEBUG] from resource zip => assets/tiapp.xml
[DEBUG] from resource zip => res/drawable/appicon.png
[DEBUG] from resource zip => res/drawable/background.png
[DEBUG] from resource zip => res/drawable/close.png
[DEBUG] from resource zip => res/drawable/facebook_login.png
[DEBUG] from resource zip => res/drawable/facebook_login_down.png
[DEBUG] from resource zip => res/drawable/facebook_login_wide.png
[DEBUG] from resource zip => res/drawable/facebook_login_wide_down.png
[DEBUG] from resource zip => res/drawable/facebook_logout.png
[DEBUG] from resource zip => res/drawable/facebook_logout_down.png
[DEBUG] from resource zip => res/layout/titanium_tabgroup.xml
[DEBUG] from resource zip => AndroidManifest.xml
[DEBUG] from resource zip => resources.arsc
[DEBUG] from resource zip => res/drawable-hdpi/close.png
[DEBUG] from resource zip => res/drawable-ldpi/close.png
[DEBUG] from resource zip => res/drawable-long-land-hdpi/background.png
[DEBUG] from resource zip => res/drawable-long-land-hdpi/default_d44e27d97b.png
[DEBUG] from resource zip => res/drawable-long-land-ldpi/background.png
[DEBUG] from resource zip => res/drawable-long-land-ldpi/default_d44e27d97b.png
[DEBUG] from resource zip => res/drawable-long-port-hdpi/background.png
[DEBUG] from resource zip => res/drawable-long-port-hdpi/default_d44e27d97b.png
[DEBUG] from resource zip => res/drawable-long-port-ldpi/background.png
[DEBUG] from resource zip => res/drawable-long-port-ldpi/default_d44e27d97b.png
[DEBUG] from resource zip => res/drawable-notlong-land-hdpi/background.png
[DEBUG] from resource zip => res/drawable-notlong-land-hdpi/default_d44e27d97b.png
[DEBUG] from resource zip => res/drawable-notlong-land-ldpi/background.png
[DEBUG] from resource zip => res/drawable-notlong-land-ldpi/default_d44e27d97b.png
[DEBUG] from resource zip => res/drawable-notlong-land-mdpi/background.png
[DEBUG] from resource zip => res/drawable-notlong-land-mdpi/default_d44e27d97b.png
[DEBUG] from resource zip => res/drawable-notlong-port-hdpi/background.png
[DEBUG] from resource zip => res/drawable-notlong-port-hdpi/default_d44e27d97b.png
[DEBUG] from resource zip => res/drawable-notlong-port-ldpi/background.png
[DEBUG] from resource zip => res/drawable-notlong-port-ldpi/default_d44e27d97b.png
[DEBUG] from resource zip => res/drawable-notlong-port-mdpi/background.png
[DEBUG] from resource zip => res/drawable-notlong-port-mdpi/default_d44e27d97b.png
[DEBUG] from JAR /Library/Application Support/Titanium/mobilesdk/osx/1.8.0.1/android/titanium.jar => org/appcelerator/titanium/build.properties
[DEBUG] from JAR /Library/Application Support/Titanium/mobilesdk/osx/1.8.0.1/android/titanium.jar => org/appcelerator/titanium/res/drawable/background.png
[DEBUG] from JAR /Library/Application Support/Titanium/mobilesdk/osx/1.8.0.1/android/titanium.jar => org/appcelerator/titanium/res/drawable/btn_check_buttonless_on.png
[DEBUG] from JAR /Library/Application Support/Titanium/mobilesdk/osx/1.8.0.1/android/titanium.jar => org/appcelerator/titanium/res/drawable/btn_check_buttonless_on_18.png
[DEBUG] from JAR /Library/Application Support/Titanium/mobilesdk/osx/1.8.0.1/android/titanium.jar => org/appcelerator/titanium/res/drawable/btn_check_buttonless_on_48.png
[DEBUG] from JAR /Library/Application Support/Titanium/mobilesdk/osx/1.8.0.1/android/titanium.jar => org/appcelerator/titanium/res/drawable/btn_more.png
[DEBUG] from JAR /Library/Application Support/Titanium/mobilesdk/osx/1.8.0.1/android/titanium.jar => org/appcelerator/titanium/res/drawable/btn_more_18.png
[DEBUG] from JAR /Library/Application Support/Titanium/mobilesdk/osx/1.8.0.1/android/titanium.jar => org/appcelerator/titanium/res/drawable/btn_more_48.png
[DEBUG] from JAR /Library/Application Support/Titanium/mobilesdk/osx/1.8.0.1/android/titanium.jar => org/appcelerator/titanium/res/drawable/btn_picker_normal.9.png
[DEBUG] from JAR /Library/Application Support/Titanium/mobilesdk/osx/1.8.0.1/android/titanium.jar => org/appcelerator/titanium/res/drawable/btn_picker_pressed.9.png
[DEBUG] from JAR /Library/Application Support/Titanium/mobilesdk/osx/1.8.0.1/android/titanium.jar => org/appcelerator/titanium/res/drawable/btn_picker_selected.9.png
[DEBUG] from JAR /Library/Application Support/Titanium/mobilesdk/osx/1.8.0.1/android/titanium.jar => org/appcelerator/titanium/res/drawable/default_icon.png
[DEBUG] from JAR /Library/Application Support/Titanium/mobilesdk/osx/1.8.0.1/android/titanium.jar => org/appcelerator/titanium/res/drawable/photoDefault.png
[DEBUG] from JAR /Library/Application Support/Titanium/mobilesdk/osx/1.8.0.1/android/modules/titanium-facebook.jar => ti/modules/titanium/facebook/LICENSE
[DEBUG] from JAR /Library/Application Support/Titanium/mobilesdk/osx/1.8.0.1/android/modules/titanium-ui.jar => ti/modules/titanium/ui/widget/webview/binding.js
[DEBUG] from JAR /Library/Application Support/Titanium/mobilesdk/osx/1.8.0.1/android/modules/titanium-ui.jar => ti/modules/titanium/ui/widget/webview/binding.min.js
[DEBUG] from JAR /Library/Application Support/Titanium/mobilesdk/osx/1.8.0.1/android/modules/titanium-ui.jar => ti/modules/titanium/ui/widget/webview/json2.js
[DEBUG] Waiting for device to be ready ...
[TRACE] adb devices returned 1 devices/emulators
[DEBUG] Device connected... (waited 0 seconds)
[DEBUG] waited 0.008992 seconds on emulator to get ready
[INFO] Installing application on device
[INFO] Launching application ... CustomFonts
[TRACE] Launch output: Starting: Intent { act=android.intent.action.MAIN cat=[android.intent.category.LAUNCHER] cmp=com.appcelerator.customfonts/.CustomfontsActivity }

[INFO] Deployed CustomFonts ... Application should be running.
[INFO] Android Emulator has exited
