Logfile initialized
[INFO] logfile = /Users/boydlee/Documents/Packt Publishing/Titanium Cookbook/Chapter 5 Source Code/PhotoShare/build.log
[DEBUG] /Library/Application Support/Titanium/mobilesdk/osx/1.7.2/android/builder.py simulator "PhotoShare" "/Users/boydlee/SDKs & APIs/android-sdk-mac_86/" "/Users/boydlee/Documents/Packt Publishing/Titanium Cookbook/Chapter 5 Source Code/PhotoShare" "com.packtpub.photoshare" "13" "HVGA"
[INFO] Building PhotoShare for Android ... one moment
[INFO] Titanium SDK version: 1.7.2 (07/21/11 09:36 97c3689)
[DEBUG] Waiting for device to be ready ...
[TRACE] adb devices returned 0 devices/emulators
[TRACE] adb devices returned 1 devices/emulators
[TRACE] adb devices returned 1 devices/emulators
[TRACE] adb devices returned 1 devices/emulators
[TRACE] adb devices returned 1 devices/emulators
[TRACE] adb devices returned 1 devices/emulators
[TRACE] adb devices returned 1 devices/emulators
[TRACE] adb devices returned 1 devices/emulators
[TRACE] adb devices returned 1 devices/emulators
[TRACE] adb devices returned 1 devices/emulators
[TRACE] adb devices returned 1 devices/emulators
[DEBUG] Device connected... (waited 50 seconds)
[DEBUG] waited 50.859249 seconds on emulator to get ready
[INFO] Waiting for the Android Emulator to become available
[DEBUG] com.packtpub.photoshare installed? False
[WARN] Fastdev enabled, but server isn't running, deploying normally
[INFO] Copying project resources..
[INFO] Detected tiapp.xml change, forcing full re-build...
[TRACE] COPYING CREATED FILE: /Users/boydlee/Documents/Packt Publishing/Titanium Cookbook/Chapter 5 Source Code/PhotoShare/Resources/android/appicon.jpg => /Users/boydlee/Documents/Packt Publishing/Titanium Cookbook/Chapter 5 Source Code/PhotoShare/build/android/bin/assets/Resources/appicon.jpg
[TRACE] COPYING CREATED FILE: /Users/boydlee/Documents/Packt Publishing/Titanium Cookbook/Chapter 5 Source Code/PhotoShare/Resources/android/appicon.png => /Users/boydlee/Documents/Packt Publishing/Titanium Cookbook/Chapter 5 Source Code/PhotoShare/build/android/bin/assets/Resources/appicon.png
[TRACE] COPYING CREATED FILE: /Users/boydlee/Documents/Packt Publishing/Titanium Cookbook/Chapter 5 Source Code/PhotoShare/Resources/android/default.png => /Users/boydlee/Documents/Packt Publishing/Titanium Cookbook/Chapter 5 Source Code/PhotoShare/build/android/bin/assets/Resources/default.png
[TRACE] COPYING CREATED FILE: /Users/boydlee/Documents/Packt Publishing/Titanium Cookbook/Chapter 5 Source Code/PhotoShare/Resources/app.js => /Users/boydlee/Documents/Packt Publishing/Titanium Cookbook/Chapter 5 Source Code/PhotoShare/build/android/bin/assets/Resources/app.js
[TRACE] COPYING CREATED FILE: /Users/boydlee/Documents/Packt Publishing/Titanium Cookbook/Chapter 5 Source Code/PhotoShare/Resources/birdhouse.js => /Users/boydlee/Documents/Packt Publishing/Titanium Cookbook/Chapter 5 Source Code/PhotoShare/build/android/bin/assets/Resources/birdhouse.js
[TRACE] COPYING CREATED FILE: /Users/boydlee/Documents/Packt Publishing/Titanium Cookbook/Chapter 5 Source Code/PhotoShare/Resources/default_app_logo.jpg => /Users/boydlee/Documents/Packt Publishing/Titanium Cookbook/Chapter 5 Source Code/PhotoShare/build/android/bin/assets/Resources/default_app_logo.jpg
[TRACE] COPYING CREATED FILE: /Users/boydlee/Documents/Packt Publishing/Titanium Cookbook/Chapter 5 Source Code/PhotoShare/Resources/default_app_logo.png => /Users/boydlee/Documents/Packt Publishing/Titanium Cookbook/Chapter 5 Source Code/PhotoShare/build/android/bin/assets/Resources/default_app_logo.png
[TRACE] COPYING CREATED FILE: /Users/boydlee/Documents/Packt Publishing/Titanium Cookbook/Chapter 5 Source Code/PhotoShare/Resources/facebook_module.js => /Users/boydlee/Documents/Packt Publishing/Titanium Cookbook/Chapter 5 Source Code/PhotoShare/build/android/bin/assets/Resources/facebook_module.js
[TRACE] COPYING CREATED FILE: /Users/boydlee/Documents/Packt Publishing/Titanium Cookbook/Chapter 5 Source Code/PhotoShare/Resources/images/background.jpg => /Users/boydlee/Documents/Packt Publishing/Titanium Cookbook/Chapter 5 Source Code/PhotoShare/build/android/bin/assets/Resources/images/background.jpg
[TRACE] COPYING CREATED FILE: /Users/boydlee/Documents/Packt Publishing/Titanium Cookbook/Chapter 5 Source Code/PhotoShare/Resources/images/my_test_photo.png => /Users/boydlee/Documents/Packt Publishing/Titanium Cookbook/Chapter 5 Source Code/PhotoShare/build/android/bin/assets/Resources/images/my_test_photo.png
[TRACE] COPYING CREATED FILE: /Users/boydlee/Documents/Packt Publishing/Titanium Cookbook/Chapter 5 Source Code/PhotoShare/Resources/lib/oauth.js => /Users/boydlee/Documents/Packt Publishing/Titanium Cookbook/Chapter 5 Source Code/PhotoShare/build/android/bin/assets/Resources/lib/oauth.js
[TRACE] COPYING CREATED FILE: /Users/boydlee/Documents/Packt Publishing/Titanium Cookbook/Chapter 5 Source Code/PhotoShare/Resources/lib/sha1.js => /Users/boydlee/Documents/Packt Publishing/Titanium Cookbook/Chapter 5 Source Code/PhotoShare/build/android/bin/assets/Resources/lib/sha1.js
[TRACE] Generating Java Classes
[DEBUG] Processing Android resource drawables
[DEBUG] app stylesheet => /Users/boydlee/Documents/Packt Publishing/Titanium Cookbook/Chapter 5 Source Code/PhotoShare/build/android/gen/com/packtpub/photoshare/ApplicationStylesheet.java
[DEBUG] copying app icon: /Users/boydlee/Documents/Packt Publishing/Titanium Cookbook/Chapter 5 Source Code/PhotoShare/build/android/bin/assets/Resources/default_app_logo.png
[DEBUG] generating theme.xml
[DEBUG] found drawable-long-land-hdpi splash screen at /Users/boydlee/Documents/Packt Publishing/Titanium Cookbook/Chapter 5 Source Code/PhotoShare/Resources/android/images/res-long-land-hdpi/default.png
[DEBUG] copying /Users/boydlee/Documents/Packt Publishing/Titanium Cookbook/Chapter 5 Source Code/PhotoShare/Resources/android/images/res-long-land-hdpi/default.png splash screen to /Users/boydlee/Documents/Packt Publishing/Titanium Cookbook/Chapter 5 Source Code/PhotoShare/build/android/res/drawable-long-land-hdpi/background.png
[DEBUG] found drawable-long-land-ldpi splash screen at /Users/boydlee/Documents/Packt Publishing/Titanium Cookbook/Chapter 5 Source Code/PhotoShare/Resources/android/images/res-long-land-ldpi/default.png
[DEBUG] copying /Users/boydlee/Documents/Packt Publishing/Titanium Cookbook/Chapter 5 Source Code/PhotoShare/Resources/android/images/res-long-land-ldpi/default.png splash screen to /Users/boydlee/Documents/Packt Publishing/Titanium Cookbook/Chapter 5 Source Code/PhotoShare/build/android/res/drawable-long-land-ldpi/background.png
[DEBUG] found drawable-long-port-hdpi splash screen at /Users/boydlee/Documents/Packt Publishing/Titanium Cookbook/Chapter 5 Source Code/PhotoShare/Resources/android/images/res-long-port-hdpi/default.png
[DEBUG] copying /Users/boydlee/Documents/Packt Publishing/Titanium Cookbook/Chapter 5 Source Code/PhotoShare/Resources/android/images/res-long-port-hdpi/default.png splash screen to /Users/boydlee/Documents/Packt Publishing/Titanium Cookbook/Chapter 5 Source Code/PhotoShare/build/android/res/drawable-long-port-hdpi/background.png
[DEBUG] found drawable-long-port-ldpi splash screen at /Users/boydlee/Documents/Packt Publishing/Titanium Cookbook/Chapter 5 Source Code/PhotoShare/Resources/android/images/res-long-port-ldpi/default.png
[DEBUG] copying /Users/boydlee/Documents/Packt Publishing/Titanium Cookbook/Chapter 5 Source Code/PhotoShare/Resources/android/images/res-long-port-ldpi/default.png splash screen to /Users/boydlee/Documents/Packt Publishing/Titanium Cookbook/Chapter 5 Source Code/PhotoShare/build/android/res/drawable-long-port-ldpi/background.png
[DEBUG] found drawable-notlong-land-hdpi splash screen at /Users/boydlee/Documents/Packt Publishing/Titanium Cookbook/Chapter 5 Source Code/PhotoShare/Resources/android/images/res-notlong-land-hdpi/default.png
[DEBUG] copying /Users/boydlee/Documents/Packt Publishing/Titanium Cookbook/Chapter 5 Source Code/PhotoShare/Resources/android/images/res-notlong-land-hdpi/default.png splash screen to /Users/boydlee/Documents/Packt Publishing/Titanium Cookbook/Chapter 5 Source Code/PhotoShare/build/android/res/drawable-notlong-land-hdpi/background.png
[DEBUG] found drawable-notlong-land-ldpi splash screen at /Users/boydlee/Documents/Packt Publishing/Titanium Cookbook/Chapter 5 Source Code/PhotoShare/Resources/android/images/res-notlong-land-ldpi/default.png
[DEBUG] copying /Users/boydlee/Documents/Packt Publishing/Titanium Cookbook/Chapter 5 Source Code/PhotoShare/Resources/android/images/res-notlong-land-ldpi/default.png splash screen to /Users/boydlee/Documents/Packt Publishing/Titanium Cookbook/Chapter 5 Source Code/PhotoShare/build/android/res/drawable-notlong-land-ldpi/background.png
[DEBUG] found drawable-notlong-land-mdpi splash screen at /Users/boydlee/Documents/Packt Publishing/Titanium Cookbook/Chapter 5 Source Code/PhotoShare/Resources/android/images/res-notlong-land-mdpi/default.png
[DEBUG] copying /Users/boydlee/Documents/Packt Publishing/Titanium Cookbook/Chapter 5 Source Code/PhotoShare/Resources/android/images/res-notlong-land-mdpi/default.png splash screen to /Users/boydlee/Documents/Packt Publishing/Titanium Cookbook/Chapter 5 Source Code/PhotoShare/build/android/res/drawable-notlong-land-mdpi/background.png
[DEBUG] found drawable-notlong-port-hdpi splash screen at /Users/boydlee/Documents/Packt Publishing/Titanium Cookbook/Chapter 5 Source Code/PhotoShare/Resources/android/images/res-notlong-port-hdpi/default.png
[DEBUG] copying /Users/boydlee/Documents/Packt Publishing/Titanium Cookbook/Chapter 5 Source Code/PhotoShare/Resources/android/images/res-notlong-port-hdpi/default.png splash screen to /Users/boydlee/Documents/Packt Publishing/Titanium Cookbook/Chapter 5 Source Code/PhotoShare/build/android/res/drawable-notlong-port-hdpi/background.png
[DEBUG] found drawable-notlong-port-ldpi splash screen at /Users/boydlee/Documents/Packt Publishing/Titanium Cookbook/Chapter 5 Source Code/PhotoShare/Resources/android/images/res-notlong-port-ldpi/default.png
[DEBUG] copying /Users/boydlee/Documents/Packt Publishing/Titanium Cookbook/Chapter 5 Source Code/PhotoShare/Resources/android/images/res-notlong-port-ldpi/default.png splash screen to /Users/boydlee/Documents/Packt Publishing/Titanium Cookbook/Chapter 5 Source Code/PhotoShare/build/android/res/drawable-notlong-port-ldpi/background.png
[DEBUG] found drawable-notlong-port-mdpi splash screen at /Users/boydlee/Documents/Packt Publishing/Titanium Cookbook/Chapter 5 Source Code/PhotoShare/Resources/android/images/res-notlong-port-mdpi/default.png
[DEBUG] copying /Users/boydlee/Documents/Packt Publishing/Titanium Cookbook/Chapter 5 Source Code/PhotoShare/Resources/android/images/res-notlong-port-mdpi/default.png splash screen to /Users/boydlee/Documents/Packt Publishing/Titanium Cookbook/Chapter 5 Source Code/PhotoShare/build/android/res/drawable-notlong-port-mdpi/background.png
[DEBUG] found splash screen at /Users/boydlee/Documents/Packt Publishing/Titanium Cookbook/Chapter 5 Source Code/PhotoShare/build/android/bin/assets/Resources/default.png
[TRACE] Writing out AndroidManifest.xml
[DEBUG] adding /Users/boydlee/Documents/Packt Publishing/Titanium Cookbook/Chapter 5 Source Code/PhotoShare/build/android/gen/com/packtpub/photoshare/ApplicationStylesheet.java to javac build list
[DEBUG] adding /Users/boydlee/Documents/Packt Publishing/Titanium Cookbook/Chapter 5 Source Code/PhotoShare/build/android/gen/com/packtpub/photoshare/PhotoshareActivity.java to javac build list
[DEBUG] adding /Users/boydlee/Documents/Packt Publishing/Titanium Cookbook/Chapter 5 Source Code/PhotoShare/build/android/gen/com/packtpub/photoshare/PhotoshareAppInfo.java to javac build list
[DEBUG] adding /Users/boydlee/Documents/Packt Publishing/Titanium Cookbook/Chapter 5 Source Code/PhotoShare/build/android/gen/com/packtpub/photoshare/PhotoshareApplication.java to javac build list
[DEBUG] adding /Users/boydlee/Documents/Packt Publishing/Titanium Cookbook/Chapter 5 Source Code/PhotoShare/build/android/gen/com/packtpub/photoshare/R.java to javac build list
[DEBUG] Building Java Sources: "/Users/boydlee/Documents/Packt Publishing/Titanium Cookbook/Chapter 5 Source Code/PhotoShare/build/android/gen/com/packtpub/photoshare/ApplicationStylesheet.java" "/Users/boydlee/Documents/Packt Publishing/Titanium Cookbook/Chapter 5 Source Code/PhotoShare/build/android/gen/com/packtpub/photoshare/PhotoshareActivity.java" "/Users/boydlee/Documents/Packt Publishing/Titanium Cookbook/Chapter 5 Source Code/PhotoShare/build/android/gen/com/packtpub/photoshare/PhotoshareAppInfo.java" "/Users/boydlee/Documents/Packt Publishing/Titanium Cookbook/Chapter 5 Source Code/PhotoShare/build/android/gen/com/packtpub/photoshare/PhotoshareApplication.java" "/Users/boydlee/Documents/Packt Publishing/Titanium Cookbook/Chapter 5 Source Code/PhotoShare/build/android/gen/com/packtpub/photoshare/R.java"
[INFO] Waiting for SDCard to become available..
[INFO] Compiling Android Resources... This could take some time
[DEBUG] Android classes.dex built
[DEBUG] creating unsigned apk: /Users/boydlee/Documents/Packt Publishing/Titanium Cookbook/Chapter 5 Source Code/PhotoShare/build/android/bin/app-unsigned.apk
[DEBUG] from resource zip => assets/Resources/images/background.jpg
[DEBUG] from resource zip => assets/Resources/images/my_test_photo.png
[DEBUG] from resource zip => assets/Resources/lib/oauth.js
[DEBUG] from resource zip => assets/Resources/lib/sha1.js
[DEBUG] from resource zip => assets/Resources/app.js
[DEBUG] from resource zip => assets/Resources/appicon.jpg
[DEBUG] from resource zip => assets/Resources/appicon.png
[DEBUG] from resource zip => assets/Resources/birdhouse.js
[DEBUG] from resource zip => assets/Resources/default.png
[DEBUG] from resource zip => assets/Resources/default_app_logo.jpg
[DEBUG] from resource zip => assets/Resources/default_app_logo.png
[DEBUG] from resource zip => assets/Resources/facebook_module.js
[DEBUG] from resource zip => assets/tiapp.xml
[DEBUG] from resource zip => res/drawable/appicon.png
[DEBUG] from resource zip => res/drawable/background.png
[DEBUG] from resource zip => res/layout/titanium_tabgroup.xml
[DEBUG] from resource zip => AndroidManifest.xml
[DEBUG] from resource zip => resources.arsc
[DEBUG] from resource zip => res/drawable-long-land-hdpi/background.png
[DEBUG] from resource zip => res/drawable-long-land-ldpi/background.png
[DEBUG] from resource zip => res/drawable-long-port-hdpi/background.png
[DEBUG] from resource zip => res/drawable-long-port-ldpi/background.png
[DEBUG] from resource zip => res/drawable-notlong-land-hdpi/background.png
[DEBUG] from resource zip => res/drawable-notlong-land-ldpi/background.png
[DEBUG] from resource zip => res/drawable-notlong-land-mdpi/background.png
[DEBUG] from resource zip => res/drawable-notlong-port-hdpi/background.png
[DEBUG] from resource zip => res/drawable-notlong-port-ldpi/background.png
[DEBUG] from resource zip => res/drawable-notlong-port-mdpi/background.png
[DEBUG] from JAR /Library/Application Support/Titanium/mobilesdk/osx/1.7.2/android/smalljs.jar => org/mozilla/javascript/resources/Messages.properties
[DEBUG] from JAR /Library/Application Support/Titanium/mobilesdk/osx/1.7.2/android/smalljs.jar => org/mozilla/javascript/resources/Messages_fr.properties
[DEBUG] from JAR /Library/Application Support/Titanium/mobilesdk/osx/1.7.2/android/modules/titanium-ui.jar => ti/modules/titanium/ui/widget/webview/binding.js
[DEBUG] from JAR /Library/Application Support/Titanium/mobilesdk/osx/1.7.2/android/modules/titanium-ui.jar => ti/modules/titanium/ui/widget/webview/binding.min.js
[DEBUG] from JAR /Library/Application Support/Titanium/mobilesdk/osx/1.7.2/android/modules/titanium-ui.jar => ti/modules/titanium/ui/widget/webview/json2.js
[DEBUG] from JAR /Library/Application Support/Titanium/mobilesdk/osx/1.7.2/android/titanium.jar => org/apache/Commons-NOTICE.txt
[DEBUG] from JAR /Library/Application Support/Titanium/mobilesdk/osx/1.7.2/android/titanium.jar => org/apache/HttpComponents-NOTICE.txt
[DEBUG] from JAR /Library/Application Support/Titanium/mobilesdk/osx/1.7.2/android/titanium.jar => org/apache/mime4j-NOTICE.txt
[DEBUG] from JAR /Library/Application Support/Titanium/mobilesdk/osx/1.7.2/android/titanium.jar => org/appcelerator/titanium/build.properties
[DEBUG] from JAR /Library/Application Support/Titanium/mobilesdk/osx/1.7.2/android/titanium.jar => org/appcelerator/titanium/res/drawable/background.png
[DEBUG] from JAR /Library/Application Support/Titanium/mobilesdk/osx/1.7.2/android/titanium.jar => org/appcelerator/titanium/res/drawable/btn_check_buttonless_on.png
[DEBUG] from JAR /Library/Application Support/Titanium/mobilesdk/osx/1.7.2/android/titanium.jar => org/appcelerator/titanium/res/drawable/btn_check_buttonless_on_18.png
[DEBUG] from JAR /Library/Application Support/Titanium/mobilesdk/osx/1.7.2/android/titanium.jar => org/appcelerator/titanium/res/drawable/btn_check_buttonless_on_48.png
[DEBUG] from JAR /Library/Application Support/Titanium/mobilesdk/osx/1.7.2/android/titanium.jar => org/appcelerator/titanium/res/drawable/btn_more.png
[DEBUG] from JAR /Library/Application Support/Titanium/mobilesdk/osx/1.7.2/android/titanium.jar => org/appcelerator/titanium/res/drawable/btn_more_18.png
[DEBUG] from JAR /Library/Application Support/Titanium/mobilesdk/osx/1.7.2/android/titanium.jar => org/appcelerator/titanium/res/drawable/btn_more_48.png
[DEBUG] from JAR /Library/Application Support/Titanium/mobilesdk/osx/1.7.2/android/titanium.jar => org/appcelerator/titanium/res/drawable/btn_picker_normal.9.png
[DEBUG] from JAR /Library/Application Support/Titanium/mobilesdk/osx/1.7.2/android/titanium.jar => org/appcelerator/titanium/res/drawable/btn_picker_pressed.9.png
[DEBUG] from JAR /Library/Application Support/Titanium/mobilesdk/osx/1.7.2/android/titanium.jar => org/appcelerator/titanium/res/drawable/btn_picker_selected.9.png
[DEBUG] from JAR /Library/Application Support/Titanium/mobilesdk/osx/1.7.2/android/titanium.jar => org/appcelerator/titanium/res/drawable/default_icon.png
[DEBUG] from JAR /Library/Application Support/Titanium/mobilesdk/osx/1.7.2/android/titanium.jar => org/appcelerator/titanium/res/drawable/photoDefault.png
[DEBUG] Waiting for device to be ready ...
[TRACE] adb devices returned 1 devices/emulators
[DEBUG] Device connected... (waited 0 seconds)
[DEBUG] waited 0.032001 seconds on emulator to get ready
[INFO] Installing application on device
[INFO] Launching application ... PhotoShare
[TRACE] Launch output: Starting: Intent { act=android.intent.action.MAIN cat=[android.intent.category.LAUNCHER] cmp=com.packtpub.photoshare/.PhotoshareActivity }

[INFO] Deployed PhotoShare ... Application should be running.
[INFO] Android Emulator has exited
