Logfile initialized
[INFO] logfile = /Users/hyokosdeveloper/git/ZeusbaseTi/Appcelerator Acadamy/TiBH220/build.log
[DEBUG] /Users/hyokosdeveloper/Library/Application Support/Titanium/mobilesdk/osx/2.1.4.GA/android/builder.py simulator TiBH220 /SDK/Frameworks/Android/android-sdk-macosx /Users/hyokosdeveloper/git/ZeusbaseTi/Appcelerator Acadamy/TiBH220 com.appc.tibh220 7 WVGA800 /127.0.0.1:56745
[INFO] Building TiBH220 for Android ... one moment
[INFO] Titanium SDK version: 2.1.4 (11/09/12 12:46 51f2c64)
[DEBUG] Waiting for device to be ready ...
[TRACE] adb devices returned 0 devices/emulators
[TRACE] adb devices returned 0 devices/emulators
[DEBUG] /SDK/Frameworks/Android/android-sdk-macosx/tools/emulator -avd titanium_7_WVGA800 -port 5560 -sdcard /Users/hyokosdeveloper/.titanium/titanium_7_WVGA800.sdcard -logcat *:d,*,TiAPI:V -no-boot-anim -partition-size 128
[TRACE] adb devices returned 0 devices/emulators
[TRACE] adb devices returned 0 devices/emulators
[TRACE] adb devices returned 1 devices/emulators
[TRACE] adb devices returned 1 devices/emulators
[TRACE] adb devices returned 1 devices/emulators
[TRACE] adb devices returned 1 devices/emulators
[TRACE] adb devices returned 1 devices/emulators
[TRACE] adb devices returned 1 devices/emulators
[TRACE] adb devices returned 1 devices/emulators
[TRACE] adb devices returned 1 devices/emulators
[TRACE] adb devices returned 1 devices/emulators
[TRACE] adb devices returned 1 devices/emulators
[TRACE] adb devices returned 1 devices/emulators
[TRACE] adb devices returned 1 devices/emulators
[DEBUG] Device connected... (waited 75 seconds)
[DEBUG] waited 78.263781 seconds on emulator to get ready
[INFO] Waiting for the Android Emulator to become available
[DEBUG] com.appc.tibh220 installed? False
[INFO] Fastdev server running, deploying in Fastdev mode
[INFO] Copying CommonJS modules...
[INFO] Copying project resources..
[INFO] Detected change in tiapp.xml, or assets deleted. Forcing full re-build...
[TRACE] COPYING CREATED FILE: /Users/hyokosdeveloper/git/ZeusbaseTi/Appcelerator Acadamy/TiBH220/Resources/android/default.png => /Users/hyokosdeveloper/git/ZeusbaseTi/Appcelerator Acadamy/TiBH220/build/android/bin/assets/Resources/default.png
[TRACE] COPYING CREATED FILE: /Users/hyokosdeveloper/git/ZeusbaseTi/Appcelerator Acadamy/TiBH220/Resources/app.js => /Users/hyokosdeveloper/git/ZeusbaseTi/Appcelerator Acadamy/TiBH220/build/android/bin/assets/Resources/app.js
[TRACE] COPYING CREATED FILE: /Users/hyokosdeveloper/git/ZeusbaseTi/Appcelerator Acadamy/TiBH220/Resources/appicon.png => /Users/hyokosdeveloper/git/ZeusbaseTi/Appcelerator Acadamy/TiBH220/build/android/bin/assets/Resources/appicon.png
[TRACE] COPYING CREATED FILE: /Users/hyokosdeveloper/git/ZeusbaseTi/Appcelerator Acadamy/TiBH220/Resources/appicon@2x.png => /Users/hyokosdeveloper/git/ZeusbaseTi/Appcelerator Acadamy/TiBH220/build/android/bin/assets/Resources/appicon@2x.png
[TRACE] COPYING CREATED FILE: /Users/hyokosdeveloper/git/ZeusbaseTi/Appcelerator Acadamy/TiBH220/Resources/images/burglar.png => /Users/hyokosdeveloper/git/ZeusbaseTi/Appcelerator Acadamy/TiBH220/build/android/bin/assets/Resources/images/burglar.png
[TRACE] COPYING CREATED FILE: /Users/hyokosdeveloper/git/ZeusbaseTi/Appcelerator Acadamy/TiBH220/Resources/images/captured.png => /Users/hyokosdeveloper/git/ZeusbaseTi/Appcelerator Acadamy/TiBH220/build/android/bin/assets/Resources/images/captured.png
[TRACE] COPYING CREATED FILE: /Users/hyokosdeveloper/git/ZeusbaseTi/Appcelerator Acadamy/TiBH220/Resources/images/fugitives.png => /Users/hyokosdeveloper/git/ZeusbaseTi/Appcelerator Acadamy/TiBH220/build/android/bin/assets/Resources/images/fugitives.png
[TRACE] COPYING CREATED FILE: /Users/hyokosdeveloper/git/ZeusbaseTi/Appcelerator Acadamy/TiBH220/Resources/images/grain.png => /Users/hyokosdeveloper/git/ZeusbaseTi/Appcelerator Acadamy/TiBH220/build/android/bin/assets/Resources/images/grain.png
[TRACE] COPYING CREATED FILE: /Users/hyokosdeveloper/git/ZeusbaseTi/Appcelerator Acadamy/TiBH220/Resources/images/KS_nav_ui.png => /Users/hyokosdeveloper/git/ZeusbaseTi/Appcelerator Acadamy/TiBH220/build/android/bin/assets/Resources/images/KS_nav_ui.png
[TRACE] COPYING CREATED FILE: /Users/hyokosdeveloper/git/ZeusbaseTi/Appcelerator Acadamy/TiBH220/Resources/images/KS_nav_views.png => /Users/hyokosdeveloper/git/ZeusbaseTi/Appcelerator Acadamy/TiBH220/build/android/bin/assets/Resources/images/KS_nav_views.png
[TRACE] COPYING CREATED FILE: /Users/hyokosdeveloper/git/ZeusbaseTi/Appcelerator Acadamy/TiBH220/Resources/ui/common/AddWindow.js => /Users/hyokosdeveloper/git/ZeusbaseTi/Appcelerator Acadamy/TiBH220/build/android/bin/assets/Resources/ui/common/AddWindow.js
[TRACE] COPYING CREATED FILE: /Users/hyokosdeveloper/git/ZeusbaseTi/Appcelerator Acadamy/TiBH220/Resources/ui/common/ApplicationTabGroup.js => /Users/hyokosdeveloper/git/ZeusbaseTi/Appcelerator Acadamy/TiBH220/build/android/bin/assets/Resources/ui/common/ApplicationTabGroup.js
[TRACE] COPYING CREATED FILE: /Users/hyokosdeveloper/git/ZeusbaseTi/Appcelerator Acadamy/TiBH220/Resources/ui/common/BountyTable.js => /Users/hyokosdeveloper/git/ZeusbaseTi/Appcelerator Acadamy/TiBH220/build/android/bin/assets/Resources/ui/common/BountyTable.js
[TRACE] COPYING CREATED FILE: /Users/hyokosdeveloper/git/ZeusbaseTi/Appcelerator Acadamy/TiBH220/Resources/ui/common/DetailWindow.js => /Users/hyokosdeveloper/git/ZeusbaseTi/Appcelerator Acadamy/TiBH220/build/android/bin/assets/Resources/ui/common/DetailWindow.js
[TRACE] COPYING CREATED FILE: /Users/hyokosdeveloper/git/ZeusbaseTi/Appcelerator Acadamy/TiBH220/Resources/ui/handheld/ApplicationWindow.js => /Users/hyokosdeveloper/git/ZeusbaseTi/Appcelerator Acadamy/TiBH220/build/android/bin/assets/Resources/ui/handheld/ApplicationWindow.js
[TRACE] COPYING CREATED FILE: /Users/hyokosdeveloper/git/ZeusbaseTi/Appcelerator Acadamy/TiBH220/Resources/ui.js => /Users/hyokosdeveloper/git/ZeusbaseTi/Appcelerator Acadamy/TiBH220/build/android/bin/assets/Resources/ui.js
[TRACE] Generating Java Classes
[DEBUG] Processing Android resource drawables
[TRACE] COPYING FILE: /Users/hyokosdeveloper/git/ZeusbaseTi/Appcelerator Acadamy/TiBH220/Resources/android/images/res-long-land-hdpi/default.png => /Users/hyokosdeveloper/git/ZeusbaseTi/Appcelerator Acadamy/TiBH220/build/android/res/drawable-long-land-hdpi/default_d44e27d97b.png
[TRACE] COPYING FILE: /Users/hyokosdeveloper/git/ZeusbaseTi/Appcelerator Acadamy/TiBH220/Resources/android/images/res-long-land-ldpi/default.png => /Users/hyokosdeveloper/git/ZeusbaseTi/Appcelerator Acadamy/TiBH220/build/android/res/drawable-long-land-ldpi/default_d44e27d97b.png
[TRACE] COPYING FILE: /Users/hyokosdeveloper/git/ZeusbaseTi/Appcelerator Acadamy/TiBH220/Resources/android/images/res-long-port-hdpi/default.png => /Users/hyokosdeveloper/git/ZeusbaseTi/Appcelerator Acadamy/TiBH220/build/android/res/drawable-long-port-hdpi/default_d44e27d97b.png
[TRACE] COPYING FILE: /Users/hyokosdeveloper/git/ZeusbaseTi/Appcelerator Acadamy/TiBH220/Resources/android/images/res-long-port-ldpi/default.png => /Users/hyokosdeveloper/git/ZeusbaseTi/Appcelerator Acadamy/TiBH220/build/android/res/drawable-long-port-ldpi/default_d44e27d97b.png
[TRACE] COPYING FILE: /Users/hyokosdeveloper/git/ZeusbaseTi/Appcelerator Acadamy/TiBH220/Resources/android/images/res-notlong-land-hdpi/default.png => /Users/hyokosdeveloper/git/ZeusbaseTi/Appcelerator Acadamy/TiBH220/build/android/res/drawable-notlong-land-hdpi/default_d44e27d97b.png
[TRACE] COPYING FILE: /Users/hyokosdeveloper/git/ZeusbaseTi/Appcelerator Acadamy/TiBH220/Resources/android/images/res-notlong-land-ldpi/default.png => /Users/hyokosdeveloper/git/ZeusbaseTi/Appcelerator Acadamy/TiBH220/build/android/res/drawable-notlong-land-ldpi/default_d44e27d97b.png
[TRACE] COPYING FILE: /Users/hyokosdeveloper/git/ZeusbaseTi/Appcelerator Acadamy/TiBH220/Resources/android/images/res-notlong-land-mdpi/default.png => /Users/hyokosdeveloper/git/ZeusbaseTi/Appcelerator Acadamy/TiBH220/build/android/res/drawable-notlong-land-mdpi/default_d44e27d97b.png
[TRACE] COPYING FILE: /Users/hyokosdeveloper/git/ZeusbaseTi/Appcelerator Acadamy/TiBH220/Resources/android/images/res-notlong-port-hdpi/default.png => /Users/hyokosdeveloper/git/ZeusbaseTi/Appcelerator Acadamy/TiBH220/build/android/res/drawable-notlong-port-hdpi/default_d44e27d97b.png
[TRACE] COPYING FILE: /Users/hyokosdeveloper/git/ZeusbaseTi/Appcelerator Acadamy/TiBH220/Resources/android/images/res-notlong-port-ldpi/default.png => /Users/hyokosdeveloper/git/ZeusbaseTi/Appcelerator Acadamy/TiBH220/build/android/res/drawable-notlong-port-ldpi/default_d44e27d97b.png
[TRACE] COPYING FILE: /Users/hyokosdeveloper/git/ZeusbaseTi/Appcelerator Acadamy/TiBH220/Resources/android/images/res-notlong-port-mdpi/default.png => /Users/hyokosdeveloper/git/ZeusbaseTi/Appcelerator Acadamy/TiBH220/build/android/res/drawable-notlong-port-mdpi/default_d44e27d97b.png
[DEBUG] app stylesheet => /Users/hyokosdeveloper/git/ZeusbaseTi/Appcelerator Acadamy/TiBH220/build/android/gen/com/appc/tibh220/ApplicationStylesheet.java
[DEBUG] copying app icon: /Users/hyokosdeveloper/git/ZeusbaseTi/Appcelerator Acadamy/TiBH220/build/android/bin/assets/Resources/appicon.png
[DEBUG] generating theme.xml
[DEBUG] found drawable-long-land-hdpi splash screen at /Users/hyokosdeveloper/git/ZeusbaseTi/Appcelerator Acadamy/TiBH220/Resources/android/images/res-long-land-hdpi/default.png
[DEBUG] copying /Users/hyokosdeveloper/git/ZeusbaseTi/Appcelerator Acadamy/TiBH220/Resources/android/images/res-long-land-hdpi/default.png splash screen to /Users/hyokosdeveloper/git/ZeusbaseTi/Appcelerator Acadamy/TiBH220/build/android/res/drawable-long-land-hdpi/background.png
[DEBUG] found drawable-long-land-ldpi splash screen at /Users/hyokosdeveloper/git/ZeusbaseTi/Appcelerator Acadamy/TiBH220/Resources/android/images/res-long-land-ldpi/default.png
[DEBUG] copying /Users/hyokosdeveloper/git/ZeusbaseTi/Appcelerator Acadamy/TiBH220/Resources/android/images/res-long-land-ldpi/default.png splash screen to /Users/hyokosdeveloper/git/ZeusbaseTi/Appcelerator Acadamy/TiBH220/build/android/res/drawable-long-land-ldpi/background.png
[DEBUG] found drawable-long-port-hdpi splash screen at /Users/hyokosdeveloper/git/ZeusbaseTi/Appcelerator Acadamy/TiBH220/Resources/android/images/res-long-port-hdpi/default.png
[DEBUG] copying /Users/hyokosdeveloper/git/ZeusbaseTi/Appcelerator Acadamy/TiBH220/Resources/android/images/res-long-port-hdpi/default.png splash screen to /Users/hyokosdeveloper/git/ZeusbaseTi/Appcelerator Acadamy/TiBH220/build/android/res/drawable-long-port-hdpi/background.png
[DEBUG] found drawable-long-port-ldpi splash screen at /Users/hyokosdeveloper/git/ZeusbaseTi/Appcelerator Acadamy/TiBH220/Resources/android/images/res-long-port-ldpi/default.png
[DEBUG] copying /Users/hyokosdeveloper/git/ZeusbaseTi/Appcelerator Acadamy/TiBH220/Resources/android/images/res-long-port-ldpi/default.png splash screen to /Users/hyokosdeveloper/git/ZeusbaseTi/Appcelerator Acadamy/TiBH220/build/android/res/drawable-long-port-ldpi/background.png
[DEBUG] found drawable-notlong-land-hdpi splash screen at /Users/hyokosdeveloper/git/ZeusbaseTi/Appcelerator Acadamy/TiBH220/Resources/android/images/res-notlong-land-hdpi/default.png
[DEBUG] copying /Users/hyokosdeveloper/git/ZeusbaseTi/Appcelerator Acadamy/TiBH220/Resources/android/images/res-notlong-land-hdpi/default.png splash screen to /Users/hyokosdeveloper/git/ZeusbaseTi/Appcelerator Acadamy/TiBH220/build/android/res/drawable-notlong-land-hdpi/background.png
[DEBUG] found drawable-notlong-land-ldpi splash screen at /Users/hyokosdeveloper/git/ZeusbaseTi/Appcelerator Acadamy/TiBH220/Resources/android/images/res-notlong-land-ldpi/default.png
[DEBUG] copying /Users/hyokosdeveloper/git/ZeusbaseTi/Appcelerator Acadamy/TiBH220/Resources/android/images/res-notlong-land-ldpi/default.png splash screen to /Users/hyokosdeveloper/git/ZeusbaseTi/Appcelerator Acadamy/TiBH220/build/android/res/drawable-notlong-land-ldpi/background.png
[DEBUG] found drawable-notlong-land-mdpi splash screen at /Users/hyokosdeveloper/git/ZeusbaseTi/Appcelerator Acadamy/TiBH220/Resources/android/images/res-notlong-land-mdpi/default.png
[DEBUG] copying /Users/hyokosdeveloper/git/ZeusbaseTi/Appcelerator Acadamy/TiBH220/Resources/android/images/res-notlong-land-mdpi/default.png splash screen to /Users/hyokosdeveloper/git/ZeusbaseTi/Appcelerator Acadamy/TiBH220/build/android/res/drawable-notlong-land-mdpi/background.png
[DEBUG] found drawable-notlong-port-hdpi splash screen at /Users/hyokosdeveloper/git/ZeusbaseTi/Appcelerator Acadamy/TiBH220/Resources/android/images/res-notlong-port-hdpi/default.png
[DEBUG] copying /Users/hyokosdeveloper/git/ZeusbaseTi/Appcelerator Acadamy/TiBH220/Resources/android/images/res-notlong-port-hdpi/default.png splash screen to /Users/hyokosdeveloper/git/ZeusbaseTi/Appcelerator Acadamy/TiBH220/build/android/res/drawable-notlong-port-hdpi/background.png
[DEBUG] found drawable-notlong-port-ldpi splash screen at /Users/hyokosdeveloper/git/ZeusbaseTi/Appcelerator Acadamy/TiBH220/Resources/android/images/res-notlong-port-ldpi/default.png
[DEBUG] copying /Users/hyokosdeveloper/git/ZeusbaseTi/Appcelerator Acadamy/TiBH220/Resources/android/images/res-notlong-port-ldpi/default.png splash screen to /Users/hyokosdeveloper/git/ZeusbaseTi/Appcelerator Acadamy/TiBH220/build/android/res/drawable-notlong-port-ldpi/background.png
[DEBUG] found drawable-notlong-port-mdpi splash screen at /Users/hyokosdeveloper/git/ZeusbaseTi/Appcelerator Acadamy/TiBH220/Resources/android/images/res-notlong-port-mdpi/default.png
[DEBUG] copying /Users/hyokosdeveloper/git/ZeusbaseTi/Appcelerator Acadamy/TiBH220/Resources/android/images/res-notlong-port-mdpi/default.png splash screen to /Users/hyokosdeveloper/git/ZeusbaseTi/Appcelerator Acadamy/TiBH220/build/android/res/drawable-notlong-port-mdpi/background.png
[DEBUG] found splash screen at /Users/hyokosdeveloper/git/ZeusbaseTi/Appcelerator Acadamy/TiBH220/build/android/bin/assets/Resources/default.png
[TRACE] Writing out AndroidManifest.xml
[DEBUG] adding /Users/hyokosdeveloper/git/ZeusbaseTi/Appcelerator Acadamy/TiBH220/build/android/gen/com/appc/tibh220/ApplicationStylesheet.java to javac build list
[DEBUG] adding /Users/hyokosdeveloper/git/ZeusbaseTi/Appcelerator Acadamy/TiBH220/build/android/gen/com/appc/tibh220/R.java to javac build list
[DEBUG] adding /Users/hyokosdeveloper/git/ZeusbaseTi/Appcelerator Acadamy/TiBH220/build/android/gen/com/appc/tibh220/Tibh220Activity.java to javac build list
[DEBUG] adding /Users/hyokosdeveloper/git/ZeusbaseTi/Appcelerator Acadamy/TiBH220/build/android/gen/com/appc/tibh220/Tibh220AppInfo.java to javac build list
[DEBUG] adding /Users/hyokosdeveloper/git/ZeusbaseTi/Appcelerator Acadamy/TiBH220/build/android/gen/com/appc/tibh220/Tibh220Application.java to javac build list
[DEBUG] Building Java Sources: "/Users/hyokosdeveloper/git/ZeusbaseTi/Appcelerator Acadamy/TiBH220/build/android/gen/com/appc/tibh220/ApplicationStylesheet.java" "/Users/hyokosdeveloper/git/ZeusbaseTi/Appcelerator Acadamy/TiBH220/build/android/gen/com/appc/tibh220/R.java" "/Users/hyokosdeveloper/git/ZeusbaseTi/Appcelerator Acadamy/TiBH220/build/android/gen/com/appc/tibh220/Tibh220Activity.java" "/Users/hyokosdeveloper/git/ZeusbaseTi/Appcelerator Acadamy/TiBH220/build/android/gen/com/appc/tibh220/Tibh220AppInfo.java" "/Users/hyokosdeveloper/git/ZeusbaseTi/Appcelerator Acadamy/TiBH220/build/android/gen/com/appc/tibh220/Tibh220Application.java"
[INFO] Waiting for SDCard to become available..
[INFO] Compiling Android Resources... This could take some time
[DEBUG] Android classes.dex built
[DEBUG] creating unsigned apk: /Users/hyokosdeveloper/git/ZeusbaseTi/Appcelerator Acadamy/TiBH220/build/android/bin/app-unsigned.apk
[DEBUG] from resource zip => assets/Resources/images/KS_nav_ui.png
[DEBUG] from resource zip => assets/Resources/images/KS_nav_views.png
[DEBUG] from resource zip => assets/Resources/images/burglar.png
[DEBUG] from resource zip => assets/Resources/images/captured.png
[DEBUG] from resource zip => assets/Resources/images/fugitives.png
[DEBUG] from resource zip => assets/Resources/images/grain.png
[DEBUG] from resource zip => assets/Resources/ui/common/AddWindow.js
[DEBUG] from resource zip => assets/Resources/ui/common/ApplicationTabGroup.js
[DEBUG] from resource zip => assets/Resources/ui/common/BountyTable.js
[DEBUG] from resource zip => assets/Resources/ui/common/DetailWindow.js
[DEBUG] from resource zip => assets/Resources/ui/handheld/ApplicationWindow.js
[DEBUG] from resource zip => assets/Resources/app.js
[DEBUG] from resource zip => assets/Resources/appicon.png
[DEBUG] from resource zip => assets/Resources/appicon@2x.png
[DEBUG] from resource zip => assets/Resources/default.png
[DEBUG] from resource zip => assets/Resources/ui.js
[DEBUG] from resource zip => assets/app.json
[DEBUG] from resource zip => assets/index.json
[DEBUG] from resource zip => assets/tiapp.xml
[DEBUG] from resource zip => res/drawable/appicon.png
[DEBUG] from resource zip => res/drawable/background.png
[DEBUG] from resource zip => res/drawable/close.png
[DEBUG] from resource zip => res/drawable/facebook_login.png
[DEBUG] from resource zip => res/drawable/facebook_login_down.png
[DEBUG] from resource zip => res/drawable/facebook_login_wide.png
[DEBUG] from resource zip => res/drawable/facebook_login_wide_down.png
[DEBUG] from resource zip => res/drawable/facebook_logout.png
[DEBUG] from resource zip => res/drawable/facebook_logout_down.png
[DEBUG] from resource zip => res/layout/titanium_tabgroup.xml
[DEBUG] from resource zip => AndroidManifest.xml
[DEBUG] from resource zip => resources.arsc
[DEBUG] from resource zip => res/drawable-hdpi/close.png
[DEBUG] from resource zip => res/drawable-ldpi/close.png
[DEBUG] from resource zip => res/drawable-long-land-hdpi/background.png
[DEBUG] from resource zip => res/drawable-long-land-hdpi/default_d44e27d97b.png
[DEBUG] from resource zip => res/drawable-long-land-ldpi/background.png
[DEBUG] from resource zip => res/drawable-long-land-ldpi/default_d44e27d97b.png
[DEBUG] from resource zip => res/drawable-long-port-hdpi/background.png
[DEBUG] from resource zip => res/drawable-long-port-hdpi/default_d44e27d97b.png
[DEBUG] from resource zip => res/drawable-long-port-ldpi/background.png
[DEBUG] from resource zip => res/drawable-long-port-ldpi/default_d44e27d97b.png
[DEBUG] from resource zip => res/drawable-notlong-land-hdpi/background.png
[DEBUG] from resource zip => res/drawable-notlong-land-hdpi/default_d44e27d97b.png
[DEBUG] from resource zip => res/drawable-notlong-land-ldpi/background.png
[DEBUG] from resource zip => res/drawable-notlong-land-ldpi/default_d44e27d97b.png
[DEBUG] from resource zip => res/drawable-notlong-land-mdpi/background.png
[DEBUG] from resource zip => res/drawable-notlong-land-mdpi/default_d44e27d97b.png
[DEBUG] from resource zip => res/drawable-notlong-port-hdpi/background.png
[DEBUG] from resource zip => res/drawable-notlong-port-hdpi/default_d44e27d97b.png
[DEBUG] from resource zip => res/drawable-notlong-port-ldpi/background.png
[DEBUG] from resource zip => res/drawable-notlong-port-ldpi/default_d44e27d97b.png
[DEBUG] from resource zip => res/drawable-notlong-port-mdpi/background.png
[DEBUG] from resource zip => res/drawable-notlong-port-mdpi/default_d44e27d97b.png
[DEBUG] from JAR /Users/hyokosdeveloper/Library/Application Support/Titanium/mobilesdk/osx/2.1.4.GA/android/modules/titanium-ui.jar => ti/modules/titanium/ui/widget/webview/binding.js
[DEBUG] from JAR /Users/hyokosdeveloper/Library/Application Support/Titanium/mobilesdk/osx/2.1.4.GA/android/modules/titanium-ui.jar => ti/modules/titanium/ui/widget/webview/binding.min.js
[DEBUG] from JAR /Users/hyokosdeveloper/Library/Application Support/Titanium/mobilesdk/osx/2.1.4.GA/android/modules/titanium-ui.jar => ti/modules/titanium/ui/widget/webview/json2.js
[DEBUG] from JAR /Users/hyokosdeveloper/Library/Application Support/Titanium/mobilesdk/osx/2.1.4.GA/android/modules/titanium-ui.jar => ti/modules/titanium/ui/widget/webview/polling.js
[DEBUG] from JAR /Users/hyokosdeveloper/Library/Application Support/Titanium/mobilesdk/osx/2.1.4.GA/android/modules/titanium-ui.jar => ti/modules/titanium/ui/widget/webview/polling.min.js
[DEBUG] from JAR /Users/hyokosdeveloper/Library/Application Support/Titanium/mobilesdk/osx/2.1.4.GA/android/thirdparty.jar => org/apache/Commons-NOTICE.txt
[DEBUG] from JAR /Users/hyokosdeveloper/Library/Application Support/Titanium/mobilesdk/osx/2.1.4.GA/android/thirdparty.jar => org/apache/HttpComponents-NOTICE.txt
[DEBUG] from JAR /Users/hyokosdeveloper/Library/Application Support/Titanium/mobilesdk/osx/2.1.4.GA/android/thirdparty.jar => org/apache/mime4j-NOTICE.txt
[DEBUG] from JAR /Users/hyokosdeveloper/Library/Application Support/Titanium/mobilesdk/osx/2.1.4.GA/android/modules/titanium-facebook.jar => ti/modules/titanium/facebook/LICENSE
[DEBUG] from JAR /Users/hyokosdeveloper/Library/Application Support/Titanium/mobilesdk/osx/2.1.4.GA/android/titanium.jar => org/appcelerator/titanium/build.properties
[DEBUG] from JAR /Users/hyokosdeveloper/Library/Application Support/Titanium/mobilesdk/osx/2.1.4.GA/android/titanium.jar => org/appcelerator/titanium/res/drawable/background.png
[DEBUG] from JAR /Users/hyokosdeveloper/Library/Application Support/Titanium/mobilesdk/osx/2.1.4.GA/android/titanium.jar => org/appcelerator/titanium/res/drawable/btn_check_buttonless_on.png
[DEBUG] from JAR /Users/hyokosdeveloper/Library/Application Support/Titanium/mobilesdk/osx/2.1.4.GA/android/titanium.jar => org/appcelerator/titanium/res/drawable/btn_check_buttonless_on_18.png
[DEBUG] from JAR /Users/hyokosdeveloper/Library/Application Support/Titanium/mobilesdk/osx/2.1.4.GA/android/titanium.jar => org/appcelerator/titanium/res/drawable/btn_check_buttonless_on_48.png
[DEBUG] from JAR /Users/hyokosdeveloper/Library/Application Support/Titanium/mobilesdk/osx/2.1.4.GA/android/titanium.jar => org/appcelerator/titanium/res/drawable/btn_more.png
[DEBUG] from JAR /Users/hyokosdeveloper/Library/Application Support/Titanium/mobilesdk/osx/2.1.4.GA/android/titanium.jar => org/appcelerator/titanium/res/drawable/btn_more_18.png
[DEBUG] from JAR /Users/hyokosdeveloper/Library/Application Support/Titanium/mobilesdk/osx/2.1.4.GA/android/titanium.jar => org/appcelerator/titanium/res/drawable/btn_more_48.png
[DEBUG] from JAR /Users/hyokosdeveloper/Library/Application Support/Titanium/mobilesdk/osx/2.1.4.GA/android/titanium.jar => org/appcelerator/titanium/res/drawable/btn_picker_normal.9.png
[DEBUG] from JAR /Users/hyokosdeveloper/Library/Application Support/Titanium/mobilesdk/osx/2.1.4.GA/android/titanium.jar => org/appcelerator/titanium/res/drawable/btn_picker_pressed.9.png
[DEBUG] from JAR /Users/hyokosdeveloper/Library/Application Support/Titanium/mobilesdk/osx/2.1.4.GA/android/titanium.jar => org/appcelerator/titanium/res/drawable/btn_picker_selected.9.png
[DEBUG] from JAR /Users/hyokosdeveloper/Library/Application Support/Titanium/mobilesdk/osx/2.1.4.GA/android/titanium.jar => org/appcelerator/titanium/res/drawable/default_icon.png
[DEBUG] from JAR /Users/hyokosdeveloper/Library/Application Support/Titanium/mobilesdk/osx/2.1.4.GA/android/titanium.jar => org/appcelerator/titanium/res/drawable/photoDefault.png
[DEBUG] installing native SDK libs
[DEBUG] Waiting for device to be ready ...
[TRACE] adb devices returned 1 devices/emulators
[DEBUG] Device connected... (waited 0 seconds)
[DEBUG] waited 0.066115 seconds on emulator to get ready
[INFO] Installing application on emulator
[INFO] Launching application ... TiBH220
[TRACE] Launch output: Starting: Intent { act=android.intent.action.MAIN cat=[android.intent.category.LAUNCHER] flg=0x10200000 cmp=com.appc.tibh220/.Tibh220Activity }

[INFO] Deployed TiBH220 ... Application should be running.
[INFO] Forwarding host port 56745 to device for debugging.
[DEBUG] signal caught: 15
