Logfile initialized
[INFO] logfile = /Users/hyokosdeveloper/git/Titanium GitHub Projects/app/Community/build.log
[DEBUG] /Users/hyokosdeveloper/Library/Application Support/Titanium/mobilesdk/osx/3.0.2.GA/android/builder.py simulator Community /Applications/Android/adt-bundle-mac/sdk /Users/hyokosdeveloper/git/Titanium GitHub Projects/app/Community com.appcelerator.community 2 WVGA854 /127.0.0.1:52603
[INFO] Building Community for Android ... one moment
[INFO] Titanium SDK version: 3.0.2 (02/15/13 19:02 5a77fe7)
[DEBUG] Waiting for device to be ready ...
[TRACE] adb devices returned 0 devices/emulators
[DEBUG] /Applications/Android/adt-bundle-mac/sdk/tools/emulator -avd titanium_2_WVGA854 -port 5560 -sdcard /Users/hyokosdeveloper/.titanium/titanium_2_WVGA854.sdcard -logcat *:d,*,TiAPI:V -no-boot-anim -partition-size 128
[TRACE] adb devices returned 0 devices/emulators
[TRACE] adb devices returned 0 devices/emulators
[TRACE] adb devices returned 1 devices/emulators
[TRACE] adb devices returned 1 devices/emulators
[TRACE] adb devices returned 1 devices/emulators
[TRACE] adb devices returned 1 devices/emulators
[TRACE] adb devices returned 1 devices/emulators
[TRACE] adb devices returned 1 devices/emulators
[TRACE] adb devices returned 1 devices/emulators
[DEBUG] Device connected... (waited 45 seconds)
[DEBUG] waited 45.827948 seconds on emulator to get ready
[INFO] Waiting for the Android Emulator to become available
[DEBUG] com.appcelerator.community installed? False
[WARN] Fastdev enabled, but server isn't running, deploying normally
[INFO] Copying CommonJS modules...
[INFO] Copying project resources..
[INFO] Detected change in tiapp.xml, or assets deleted. Forcing full re-build...
[TRACE] COPYING CREATED FILE: /Users/hyokosdeveloper/git/Titanium GitHub Projects/app/Community/Resources/android/appicon.png => /Users/hyokosdeveloper/git/Titanium GitHub Projects/app/Community/build/android/bin/assets/Resources/appicon.png
[TRACE] COPYING CREATED FILE: /Users/hyokosdeveloper/git/Titanium GitHub Projects/app/Community/Resources/android/default.png => /Users/hyokosdeveloper/git/Titanium GitHub Projects/app/Community/build/android/bin/assets/Resources/default.png
[TRACE] COPYING CREATED FILE: /Users/hyokosdeveloper/git/Titanium GitHub Projects/app/Community/Resources/android/ui/ActionBarView.js => /Users/hyokosdeveloper/git/Titanium GitHub Projects/app/Community/build/android/bin/assets/Resources/ui/ActionBarView.js
[TRACE] COPYING CREATED FILE: /Users/hyokosdeveloper/git/Titanium GitHub Projects/app/Community/Resources/android/ui/AppWindow.js => /Users/hyokosdeveloper/git/Titanium GitHub Projects/app/Community/build/android/bin/assets/Resources/ui/AppWindow.js
[TRACE] COPYING CREATED FILE: /Users/hyokosdeveloper/git/Titanium GitHub Projects/app/Community/Resources/android/ui/bootstrap.js => /Users/hyokosdeveloper/git/Titanium GitHub Projects/app/Community/build/android/bin/assets/Resources/ui/bootstrap.js
[TRACE] COPYING CREATED FILE: /Users/hyokosdeveloper/git/Titanium GitHub Projects/app/Community/Resources/android/ui/CheckinWindow.js => /Users/hyokosdeveloper/git/Titanium GitHub Projects/app/Community/build/android/bin/assets/Resources/ui/CheckinWindow.js
[TRACE] COPYING CREATED FILE: /Users/hyokosdeveloper/git/Titanium GitHub Projects/app/Community/Resources/android/ui/SettingsWindow.js => /Users/hyokosdeveloper/git/Titanium GitHub Projects/app/Community/build/android/bin/assets/Resources/ui/SettingsWindow.js
[TRACE] COPYING CREATED FILE: /Users/hyokosdeveloper/git/Titanium GitHub Projects/app/Community/Resources/android/ui/TabStripView.js => /Users/hyokosdeveloper/git/Titanium GitHub Projects/app/Community/build/android/bin/assets/Resources/ui/TabStripView.js
[TRACE] COPYING CREATED FILE: /Users/hyokosdeveloper/git/Titanium GitHub Projects/app/Community/Resources/app.js => /Users/hyokosdeveloper/git/Titanium GitHub Projects/app/Community/build/android/bin/assets/Resources/app.js
[TRACE] COPYING CREATED FILE: /Users/hyokosdeveloper/git/Titanium GitHub Projects/app/Community/Resources/images/14-gear.png => /Users/hyokosdeveloper/git/Titanium GitHub Projects/app/Community/build/android/bin/assets/Resources/images/14-gear.png
[TRACE] COPYING CREATED FILE: /Users/hyokosdeveloper/git/Titanium GitHub Projects/app/Community/Resources/images/14-gear@2x.png => /Users/hyokosdeveloper/git/Titanium GitHub Projects/app/Community/build/android/bin/assets/Resources/images/14-gear@2x.png
[TRACE] COPYING CREATED FILE: /Users/hyokosdeveloper/git/Titanium GitHub Projects/app/Community/Resources/images/appc.png => /Users/hyokosdeveloper/git/Titanium GitHub Projects/app/Community/build/android/bin/assets/Resources/images/appc.png
[TRACE] COPYING CREATED FILE: /Users/hyokosdeveloper/git/Titanium GitHub Projects/app/Community/Resources/images/appc@2x.png => /Users/hyokosdeveloper/git/Titanium GitHub Projects/app/Community/build/android/bin/assets/Resources/images/appc@2x.png
[TRACE] COPYING CREATED FILE: /Users/hyokosdeveloper/git/Titanium GitHub Projects/app/Community/Resources/images/appc_white.png => /Users/hyokosdeveloper/git/Titanium GitHub Projects/app/Community/build/android/bin/assets/Resources/images/appc_white.png
[TRACE] COPYING CREATED FILE: /Users/hyokosdeveloper/git/Titanium GitHub Projects/app/Community/Resources/images/back.png => /Users/hyokosdeveloper/git/Titanium GitHub Projects/app/Community/build/android/bin/assets/Resources/images/back.png
[TRACE] COPYING CREATED FILE: /Users/hyokosdeveloper/git/Titanium GitHub Projects/app/Community/Resources/images/KS_nav_ui.png => /Users/hyokosdeveloper/git/Titanium GitHub Projects/app/Community/build/android/bin/assets/Resources/images/KS_nav_ui.png
[TRACE] COPYING CREATED FILE: /Users/hyokosdeveloper/git/Titanium GitHub Projects/app/Community/Resources/images/KS_nav_views.png => /Users/hyokosdeveloper/git/Titanium GitHub Projects/app/Community/build/android/bin/assets/Resources/images/KS_nav_views.png
[TRACE] COPYING CREATED FILE: /Users/hyokosdeveloper/git/Titanium GitHub Projects/app/Community/Resources/images/sliver.png => /Users/hyokosdeveloper/git/Titanium GitHub Projects/app/Community/build/android/bin/assets/Resources/images/sliver.png
[TRACE] COPYING CREATED FILE: /Users/hyokosdeveloper/git/Titanium GitHub Projects/app/Community/Resources/images/tabs/badge.png => /Users/hyokosdeveloper/git/Titanium GitHub Projects/app/Community/build/android/bin/assets/Resources/images/tabs/badge.png
[TRACE] COPYING CREATED FILE: /Users/hyokosdeveloper/git/Titanium GitHub Projects/app/Community/Resources/images/tabs/badge@2x.png => /Users/hyokosdeveloper/git/Titanium GitHub Projects/app/Community/build/android/bin/assets/Resources/images/tabs/badge@2x.png
[TRACE] COPYING CREATED FILE: /Users/hyokosdeveloper/git/Titanium GitHub Projects/app/Community/Resources/images/tabs/badge_white.png => /Users/hyokosdeveloper/git/Titanium GitHub Projects/app/Community/build/android/bin/assets/Resources/images/tabs/badge_white.png
[TRACE] COPYING CREATED FILE: /Users/hyokosdeveloper/git/Titanium GitHub Projects/app/Community/Resources/images/tabs/calendar.png => /Users/hyokosdeveloper/git/Titanium GitHub Projects/app/Community/build/android/bin/assets/Resources/images/tabs/calendar.png
[TRACE] COPYING CREATED FILE: /Users/hyokosdeveloper/git/Titanium GitHub Projects/app/Community/Resources/images/tabs/calendar@2x.png => /Users/hyokosdeveloper/git/Titanium GitHub Projects/app/Community/build/android/bin/assets/Resources/images/tabs/calendar@2x.png
[TRACE] COPYING CREATED FILE: /Users/hyokosdeveloper/git/Titanium GitHub Projects/app/Community/Resources/images/tabs/calendar_white.png => /Users/hyokosdeveloper/git/Titanium GitHub Projects/app/Community/build/android/bin/assets/Resources/images/tabs/calendar_white.png
[TRACE] COPYING CREATED FILE: /Users/hyokosdeveloper/git/Titanium GitHub Projects/app/Community/Resources/images/tabs/chat.png => /Users/hyokosdeveloper/git/Titanium GitHub Projects/app/Community/build/android/bin/assets/Resources/images/tabs/chat.png
[TRACE] COPYING CREATED FILE: /Users/hyokosdeveloper/git/Titanium GitHub Projects/app/Community/Resources/images/tabs/chat@2x.png => /Users/hyokosdeveloper/git/Titanium GitHub Projects/app/Community/build/android/bin/assets/Resources/images/tabs/chat@2x.png
[TRACE] COPYING CREATED FILE: /Users/hyokosdeveloper/git/Titanium GitHub Projects/app/Community/Resources/images/tabs/chat_white.png => /Users/hyokosdeveloper/git/Titanium GitHub Projects/app/Community/build/android/bin/assets/Resources/images/tabs/chat_white.png
[TRACE] COPYING CREATED FILE: /Users/hyokosdeveloper/git/Titanium GitHub Projects/app/Community/Resources/images/tabs/checkin_button.png => /Users/hyokosdeveloper/git/Titanium GitHub Projects/app/Community/build/android/bin/assets/Resources/images/tabs/checkin_button.png
[TRACE] COPYING CREATED FILE: /Users/hyokosdeveloper/git/Titanium GitHub Projects/app/Community/Resources/images/tabs/checkin_button@2x.png => /Users/hyokosdeveloper/git/Titanium GitHub Projects/app/Community/build/android/bin/assets/Resources/images/tabs/checkin_button@2x.png
[TRACE] COPYING CREATED FILE: /Users/hyokosdeveloper/git/Titanium GitHub Projects/app/Community/Resources/images/tabs/group.png => /Users/hyokosdeveloper/git/Titanium GitHub Projects/app/Community/build/android/bin/assets/Resources/images/tabs/group.png
[TRACE] COPYING CREATED FILE: /Users/hyokosdeveloper/git/Titanium GitHub Projects/app/Community/Resources/images/tabs/group@2x.png => /Users/hyokosdeveloper/git/Titanium GitHub Projects/app/Community/build/android/bin/assets/Resources/images/tabs/group@2x.png
[TRACE] COPYING CREATED FILE: /Users/hyokosdeveloper/git/Titanium GitHub Projects/app/Community/Resources/images/tabs/group_white.png => /Users/hyokosdeveloper/git/Titanium GitHub Projects/app/Community/build/android/bin/assets/Resources/images/tabs/group_white.png
[TRACE] COPYING CREATED FILE: /Users/hyokosdeveloper/git/Titanium GitHub Projects/app/Community/Resources/images/titans.png => /Users/hyokosdeveloper/git/Titanium GitHub Projects/app/Community/build/android/bin/assets/Resources/images/titans.png
[TRACE] COPYING CREATED FILE: /Users/hyokosdeveloper/git/Titanium GitHub Projects/app/Community/Resources/lib/underscore.js => /Users/hyokosdeveloper/git/Titanium GitHub Projects/app/Community/build/android/bin/assets/Resources/lib/underscore.js
[TRACE] COPYING CREATED FILE: /Users/hyokosdeveloper/git/Titanium GitHub Projects/app/Community/Resources/ui/components.js => /Users/hyokosdeveloper/git/Titanium GitHub Projects/app/Community/build/android/bin/assets/Resources/ui/components.js
[TRACE] COPYING CREATED FILE: /Users/hyokosdeveloper/git/Titanium GitHub Projects/app/Community/Resources/ui/EventsView.js => /Users/hyokosdeveloper/git/Titanium GitHub Projects/app/Community/build/android/bin/assets/Resources/ui/EventsView.js
[TRACE] COPYING CREATED FILE: /Users/hyokosdeveloper/git/Titanium GitHub Projects/app/Community/Resources/ui/GroupsView.js => /Users/hyokosdeveloper/git/Titanium GitHub Projects/app/Community/build/android/bin/assets/Resources/ui/GroupsView.js
[TRACE] COPYING CREATED FILE: /Users/hyokosdeveloper/git/Titanium GitHub Projects/app/Community/Resources/ui/LeadersView.js => /Users/hyokosdeveloper/git/Titanium GitHub Projects/app/Community/build/android/bin/assets/Resources/ui/LeadersView.js
[TRACE] COPYING CREATED FILE: /Users/hyokosdeveloper/git/Titanium GitHub Projects/app/Community/Resources/ui/StreamView.js => /Users/hyokosdeveloper/git/Titanium GitHub Projects/app/Community/build/android/bin/assets/Resources/ui/StreamView.js
[TRACE] COPYING CREATED FILE: /Users/hyokosdeveloper/git/Titanium GitHub Projects/app/Community/Resources/ui/theme.js => /Users/hyokosdeveloper/git/Titanium GitHub Projects/app/Community/build/android/bin/assets/Resources/ui/theme.js
[TRACE] Generating Java Classes
[DEBUG] Processing Android resource drawables
[TRACE] COPYING FILE: /Users/hyokosdeveloper/git/Titanium GitHub Projects/app/Community/Resources/android/images/res-hdpi/images/back.png => /Users/hyokosdeveloper/git/Titanium GitHub Projects/app/Community/build/android/res/drawable-hdpi/images_back_8e7a71396f.png
[TRACE] COPYING FILE: /Users/hyokosdeveloper/git/Titanium GitHub Projects/app/Community/Resources/android/images/res-mdpi/images/back.png => /Users/hyokosdeveloper/git/Titanium GitHub Projects/app/Community/build/android/res/drawable-mdpi/images_back_8e7a71396f.png
[DEBUG] app stylesheet => /Users/hyokosdeveloper/git/Titanium GitHub Projects/app/Community/build/android/gen/com/appcelerator/community/ApplicationStylesheet.java
[DEBUG] copying app icon: /Users/hyokosdeveloper/git/Titanium GitHub Projects/app/Community/build/android/bin/assets/Resources/appicon.png
[DEBUG] generating theme.xml
[DEBUG] found drawable-hdpi splash screen at /Users/hyokosdeveloper/git/Titanium GitHub Projects/app/Community/Resources/android/images/res-hdpi/default.png
[DEBUG] copying /Users/hyokosdeveloper/git/Titanium GitHub Projects/app/Community/Resources/android/images/res-hdpi/default.png splash screen to /Users/hyokosdeveloper/git/Titanium GitHub Projects/app/Community/build/android/res/drawable-hdpi/background.png
[DEBUG] found drawable-long-land-hdpi splash screen at /Users/hyokosdeveloper/git/Titanium GitHub Projects/app/Community/Resources/android/images/res-long-land-hdpi/default.png
[DEBUG] copying /Users/hyokosdeveloper/git/Titanium GitHub Projects/app/Community/Resources/android/images/res-long-land-hdpi/default.png splash screen to /Users/hyokosdeveloper/git/Titanium GitHub Projects/app/Community/build/android/res/drawable-long-land-hdpi/background.png
[DEBUG] found drawable-long-land-ldpi splash screen at /Users/hyokosdeveloper/git/Titanium GitHub Projects/app/Community/Resources/android/images/res-long-land-ldpi/default.png
[DEBUG] copying /Users/hyokosdeveloper/git/Titanium GitHub Projects/app/Community/Resources/android/images/res-long-land-ldpi/default.png splash screen to /Users/hyokosdeveloper/git/Titanium GitHub Projects/app/Community/build/android/res/drawable-long-land-ldpi/background.png
[DEBUG] found drawable-long-port-hdpi splash screen at /Users/hyokosdeveloper/git/Titanium GitHub Projects/app/Community/Resources/android/images/res-long-port-hdpi/default.png
[DEBUG] copying /Users/hyokosdeveloper/git/Titanium GitHub Projects/app/Community/Resources/android/images/res-long-port-hdpi/default.png splash screen to /Users/hyokosdeveloper/git/Titanium GitHub Projects/app/Community/build/android/res/drawable-long-port-hdpi/background.png
[DEBUG] found drawable-long-port-ldpi splash screen at /Users/hyokosdeveloper/git/Titanium GitHub Projects/app/Community/Resources/android/images/res-long-port-ldpi/default.png
[DEBUG] copying /Users/hyokosdeveloper/git/Titanium GitHub Projects/app/Community/Resources/android/images/res-long-port-ldpi/default.png splash screen to /Users/hyokosdeveloper/git/Titanium GitHub Projects/app/Community/build/android/res/drawable-long-port-ldpi/background.png
[DEBUG] found drawable-mdpi splash screen at /Users/hyokosdeveloper/git/Titanium GitHub Projects/app/Community/Resources/android/images/res-mdpi/default.png
[DEBUG] copying /Users/hyokosdeveloper/git/Titanium GitHub Projects/app/Community/Resources/android/images/res-mdpi/default.png splash screen to /Users/hyokosdeveloper/git/Titanium GitHub Projects/app/Community/build/android/res/drawable-mdpi/background.png
[DEBUG] found drawable-notlong-land-hdpi splash screen at /Users/hyokosdeveloper/git/Titanium GitHub Projects/app/Community/Resources/android/images/res-notlong-land-hdpi/default.png
[DEBUG] copying /Users/hyokosdeveloper/git/Titanium GitHub Projects/app/Community/Resources/android/images/res-notlong-land-hdpi/default.png splash screen to /Users/hyokosdeveloper/git/Titanium GitHub Projects/app/Community/build/android/res/drawable-notlong-land-hdpi/background.png
[DEBUG] found drawable-notlong-land-ldpi splash screen at /Users/hyokosdeveloper/git/Titanium GitHub Projects/app/Community/Resources/android/images/res-notlong-land-ldpi/default.png
[DEBUG] copying /Users/hyokosdeveloper/git/Titanium GitHub Projects/app/Community/Resources/android/images/res-notlong-land-ldpi/default.png splash screen to /Users/hyokosdeveloper/git/Titanium GitHub Projects/app/Community/build/android/res/drawable-notlong-land-ldpi/background.png
[DEBUG] found drawable-notlong-land-mdpi splash screen at /Users/hyokosdeveloper/git/Titanium GitHub Projects/app/Community/Resources/android/images/res-notlong-land-mdpi/default.png
[DEBUG] copying /Users/hyokosdeveloper/git/Titanium GitHub Projects/app/Community/Resources/android/images/res-notlong-land-mdpi/default.png splash screen to /Users/hyokosdeveloper/git/Titanium GitHub Projects/app/Community/build/android/res/drawable-notlong-land-mdpi/background.png
[DEBUG] found drawable-notlong-port-hdpi splash screen at /Users/hyokosdeveloper/git/Titanium GitHub Projects/app/Community/Resources/android/images/res-notlong-port-hdpi/default.png
[DEBUG] copying /Users/hyokosdeveloper/git/Titanium GitHub Projects/app/Community/Resources/android/images/res-notlong-port-hdpi/default.png splash screen to /Users/hyokosdeveloper/git/Titanium GitHub Projects/app/Community/build/android/res/drawable-notlong-port-hdpi/background.png
[DEBUG] found drawable-notlong-port-ldpi splash screen at /Users/hyokosdeveloper/git/Titanium GitHub Projects/app/Community/Resources/android/images/res-notlong-port-ldpi/default.png
[DEBUG] copying /Users/hyokosdeveloper/git/Titanium GitHub Projects/app/Community/Resources/android/images/res-notlong-port-ldpi/default.png splash screen to /Users/hyokosdeveloper/git/Titanium GitHub Projects/app/Community/build/android/res/drawable-notlong-port-ldpi/background.png
[DEBUG] found drawable-notlong-port-mdpi splash screen at /Users/hyokosdeveloper/git/Titanium GitHub Projects/app/Community/Resources/android/images/res-notlong-port-mdpi/default.png
[DEBUG] copying /Users/hyokosdeveloper/git/Titanium GitHub Projects/app/Community/Resources/android/images/res-notlong-port-mdpi/default.png splash screen to /Users/hyokosdeveloper/git/Titanium GitHub Projects/app/Community/build/android/res/drawable-notlong-port-mdpi/background.png
[DEBUG] found splash screen at /Users/hyokosdeveloper/git/Titanium GitHub Projects/app/Community/build/android/bin/assets/Resources/default.png
[TRACE] Writing out AndroidManifest.xml
[DEBUG] adding /Users/hyokosdeveloper/git/Titanium GitHub Projects/app/Community/build/android/gen/com/appcelerator/community/ApplicationStylesheet.java to javac build list
[DEBUG] adding /Users/hyokosdeveloper/git/Titanium GitHub Projects/app/Community/build/android/gen/com/appcelerator/community/CommunityActivity.java to javac build list
[DEBUG] adding /Users/hyokosdeveloper/git/Titanium GitHub Projects/app/Community/build/android/gen/com/appcelerator/community/CommunityAppInfo.java to javac build list
[DEBUG] adding /Users/hyokosdeveloper/git/Titanium GitHub Projects/app/Community/build/android/gen/com/appcelerator/community/CommunityApplication.java to javac build list
[DEBUG] adding /Users/hyokosdeveloper/git/Titanium GitHub Projects/app/Community/build/android/gen/com/appcelerator/community/R.java to javac build list
[DEBUG] Building Java Sources: "/Users/hyokosdeveloper/git/Titanium GitHub Projects/app/Community/build/android/gen/com/appcelerator/community/ApplicationStylesheet.java" "/Users/hyokosdeveloper/git/Titanium GitHub Projects/app/Community/build/android/gen/com/appcelerator/community/CommunityActivity.java" "/Users/hyokosdeveloper/git/Titanium GitHub Projects/app/Community/build/android/gen/com/appcelerator/community/CommunityAppInfo.java" "/Users/hyokosdeveloper/git/Titanium GitHub Projects/app/Community/build/android/gen/com/appcelerator/community/CommunityApplication.java" "/Users/hyokosdeveloper/git/Titanium GitHub Projects/app/Community/build/android/gen/com/appcelerator/community/R.java"
[INFO] Waiting for SDCard to become available..
[INFO] Compiling Android Resources... This could take some time
[DEBUG] Android classes.dex built
[DEBUG] creating unsigned apk: /Users/hyokosdeveloper/git/Titanium GitHub Projects/app/Community/build/android/bin/app-unsigned.apk
[DEBUG] from resource zip => assets/Resources/images/tabs/badge.png
[DEBUG] from resource zip => assets/Resources/images/tabs/badge@2x.png
[DEBUG] from resource zip => assets/Resources/images/tabs/badge_white.png
[DEBUG] from resource zip => assets/Resources/images/tabs/calendar.png
[DEBUG] from resource zip => assets/Resources/images/tabs/calendar@2x.png
[DEBUG] from resource zip => assets/Resources/images/tabs/calendar_white.png
[DEBUG] from resource zip => assets/Resources/images/tabs/chat.png
[DEBUG] from resource zip => assets/Resources/images/tabs/chat@2x.png
[DEBUG] from resource zip => assets/Resources/images/tabs/chat_white.png
[DEBUG] from resource zip => assets/Resources/images/tabs/checkin_button.png
[DEBUG] from resource zip => assets/Resources/images/tabs/checkin_button@2x.png
[DEBUG] from resource zip => assets/Resources/images/tabs/group.png
[DEBUG] from resource zip => assets/Resources/images/tabs/group@2x.png
[DEBUG] from resource zip => assets/Resources/images/tabs/group_white.png
[DEBUG] from resource zip => assets/Resources/images/14-gear.png
[DEBUG] from resource zip => assets/Resources/images/14-gear@2x.png
[DEBUG] from resource zip => assets/Resources/images/KS_nav_ui.png
[DEBUG] from resource zip => assets/Resources/images/KS_nav_views.png
[DEBUG] from resource zip => assets/Resources/images/appc.png
[DEBUG] from resource zip => assets/Resources/images/appc@2x.png
[DEBUG] from resource zip => assets/Resources/images/appc_white.png
[DEBUG] from resource zip => assets/Resources/images/back.png
[DEBUG] from resource zip => assets/Resources/images/sliver.png
[DEBUG] from resource zip => assets/Resources/images/titans.png
[DEBUG] from resource zip => assets/Resources/lib/underscore.js
[DEBUG] from resource zip => assets/Resources/ui/ActionBarView.js
[DEBUG] from resource zip => assets/Resources/ui/AppWindow.js
[DEBUG] from resource zip => assets/Resources/ui/CheckinWindow.js
[DEBUG] from resource zip => assets/Resources/ui/EventsView.js
[DEBUG] from resource zip => assets/Resources/ui/GroupsView.js
[DEBUG] from resource zip => assets/Resources/ui/LeadersView.js
[DEBUG] from resource zip => assets/Resources/ui/SettingsWindow.js
[DEBUG] from resource zip => assets/Resources/ui/StreamView.js
[DEBUG] from resource zip => assets/Resources/ui/TabStripView.js
[DEBUG] from resource zip => assets/Resources/ui/bootstrap.js
[DEBUG] from resource zip => assets/Resources/ui/components.js
[DEBUG] from resource zip => assets/Resources/ui/theme.js
[DEBUG] from resource zip => assets/Resources/app.js
[DEBUG] from resource zip => assets/Resources/appicon.png
[DEBUG] from resource zip => assets/Resources/default.png
[DEBUG] from resource zip => assets/app.json
[DEBUG] from resource zip => assets/index.json
[DEBUG] from resource zip => assets/tiapp.xml
[DEBUG] from resource zip => res/drawable/appicon.png
[DEBUG] from resource zip => res/drawable/background.png
[DEBUG] from resource zip => res/layout/titanium_tabgroup.xml
[DEBUG] from resource zip => AndroidManifest.xml
[DEBUG] from resource zip => resources.arsc
[DEBUG] from resource zip => res/drawable-hdpi/background.png
[DEBUG] from resource zip => res/drawable-hdpi/images_back_8e7a71396f.png
[DEBUG] from resource zip => res/drawable-mdpi/background.png
[DEBUG] from resource zip => res/drawable-mdpi/images_back_8e7a71396f.png
[DEBUG] from resource zip => res/drawable-long-land-hdpi/background.png
[DEBUG] from resource zip => res/drawable-long-land-ldpi/background.png
[DEBUG] from resource zip => res/drawable-long-port-hdpi/background.png
[DEBUG] from resource zip => res/drawable-long-port-ldpi/background.png
[DEBUG] from resource zip => res/drawable-notlong-land-hdpi/background.png
[DEBUG] from resource zip => res/drawable-notlong-land-ldpi/background.png
[DEBUG] from resource zip => res/drawable-notlong-land-mdpi/background.png
[DEBUG] from resource zip => res/drawable-notlong-port-hdpi/background.png
[DEBUG] from resource zip => res/drawable-notlong-port-ldpi/background.png
[DEBUG] from resource zip => res/drawable-notlong-port-mdpi/background.png
[DEBUG] from JAR /Users/hyokosdeveloper/Library/Application Support/Titanium/mobilesdk/osx/3.0.2.GA/android/titanium.jar => org/appcelerator/titanium/build.properties
[DEBUG] from JAR /Users/hyokosdeveloper/Library/Application Support/Titanium/mobilesdk/osx/3.0.2.GA/android/titanium.jar => org/appcelerator/titanium/res/drawable/background.png
[DEBUG] from JAR /Users/hyokosdeveloper/Library/Application Support/Titanium/mobilesdk/osx/3.0.2.GA/android/titanium.jar => org/appcelerator/titanium/res/drawable/btn_check_buttonless_on.png
[DEBUG] from JAR /Users/hyokosdeveloper/Library/Application Support/Titanium/mobilesdk/osx/3.0.2.GA/android/titanium.jar => org/appcelerator/titanium/res/drawable/btn_check_buttonless_on_18.png
[DEBUG] from JAR /Users/hyokosdeveloper/Library/Application Support/Titanium/mobilesdk/osx/3.0.2.GA/android/titanium.jar => org/appcelerator/titanium/res/drawable/btn_check_buttonless_on_48.png
[DEBUG] from JAR /Users/hyokosdeveloper/Library/Application Support/Titanium/mobilesdk/osx/3.0.2.GA/android/titanium.jar => org/appcelerator/titanium/res/drawable/btn_check_buttonless_on_64.png
[DEBUG] from JAR /Users/hyokosdeveloper/Library/Application Support/Titanium/mobilesdk/osx/3.0.2.GA/android/titanium.jar => org/appcelerator/titanium/res/drawable/btn_more.png
[DEBUG] from JAR /Users/hyokosdeveloper/Library/Application Support/Titanium/mobilesdk/osx/3.0.2.GA/android/titanium.jar => org/appcelerator/titanium/res/drawable/btn_more_18.png
[DEBUG] from JAR /Users/hyokosdeveloper/Library/Application Support/Titanium/mobilesdk/osx/3.0.2.GA/android/titanium.jar => org/appcelerator/titanium/res/drawable/btn_more_48.png
[DEBUG] from JAR /Users/hyokosdeveloper/Library/Application Support/Titanium/mobilesdk/osx/3.0.2.GA/android/titanium.jar => org/appcelerator/titanium/res/drawable/btn_more_64.png
[DEBUG] from JAR /Users/hyokosdeveloper/Library/Application Support/Titanium/mobilesdk/osx/3.0.2.GA/android/titanium.jar => org/appcelerator/titanium/res/drawable/btn_picker_normal.9.png
[DEBUG] from JAR /Users/hyokosdeveloper/Library/Application Support/Titanium/mobilesdk/osx/3.0.2.GA/android/titanium.jar => org/appcelerator/titanium/res/drawable/btn_picker_pressed.9.png
[DEBUG] from JAR /Users/hyokosdeveloper/Library/Application Support/Titanium/mobilesdk/osx/3.0.2.GA/android/titanium.jar => org/appcelerator/titanium/res/drawable/btn_picker_selected.9.png
[DEBUG] from JAR /Users/hyokosdeveloper/Library/Application Support/Titanium/mobilesdk/osx/3.0.2.GA/android/titanium.jar => org/appcelerator/titanium/res/drawable/default_icon.png
[DEBUG] from JAR /Users/hyokosdeveloper/Library/Application Support/Titanium/mobilesdk/osx/3.0.2.GA/android/titanium.jar => org/appcelerator/titanium/res/drawable/photoDefault.png
[DEBUG] from JAR /Users/hyokosdeveloper/Library/Application Support/Titanium/mobilesdk/osx/3.0.2.GA/android/modules/titanium-ui.jar => ti/modules/titanium/ui/widget/webview/binding.js
[DEBUG] from JAR /Users/hyokosdeveloper/Library/Application Support/Titanium/mobilesdk/osx/3.0.2.GA/android/modules/titanium-ui.jar => ti/modules/titanium/ui/widget/webview/binding.min.js
[DEBUG] from JAR /Users/hyokosdeveloper/Library/Application Support/Titanium/mobilesdk/osx/3.0.2.GA/android/modules/titanium-ui.jar => ti/modules/titanium/ui/widget/webview/json2.js
[DEBUG] from JAR /Users/hyokosdeveloper/Library/Application Support/Titanium/mobilesdk/osx/3.0.2.GA/android/modules/titanium-ui.jar => ti/modules/titanium/ui/widget/webview/polling.js
[DEBUG] from JAR /Users/hyokosdeveloper/Library/Application Support/Titanium/mobilesdk/osx/3.0.2.GA/android/modules/titanium-ui.jar => ti/modules/titanium/ui/widget/webview/polling.min.js
[DEBUG] installing native SDK libs
[DEBUG] Waiting for device to be ready ...
[TRACE] adb devices returned 1 devices/emulators
[DEBUG] Device connected... (waited 0 seconds)
[DEBUG] waited 0.016840 seconds on emulator to get ready
[INFO] Installing application on emulator
[INFO] Launching application ... Community
[TRACE] Launch output: Starting: Intent { act=android.intent.action.MAIN cat=[android.intent.category.LAUNCHER] flg=0x10200000 cmp=com.appcelerator.community/.CommunityActivity }

[INFO] Deployed Community ... Application should be running.
[INFO] Forwarding host port 52603 to device for debugging.
[DEBUG] signal caught: 15
