Logfile initialized
[INFO] logfile = /Users/hyokosies/Workspaces/Titanium/ZeusbaseTi.MVC/build.log
[DEBUG] /Users/hyokosies/Library/Application Support/Titanium/mobilesdk/osx/2.1.4.GA/android/builder.py simulator ZeusbaseTiMVC /SDK/Frameworks/Android/android-sdk-macosx /Users/hyokosies/Workspaces/Titanium/ZeusbaseTi.MVC com.zeusframework.ZeusbaseTiMVC 7 WVGA800 /127.0.0.1:50846
[INFO] Building ZeusbaseTiMVC for Android ... one moment
[INFO] Titanium SDK version: 2.1.4 (11/09/12 12:46 51f2c64)
[DEBUG] Waiting for device to be ready ...
[TRACE] adb devices returned 1 devices/emulators
[DEBUG] Device connected... (waited 0 seconds)
[DEBUG] waited 0.016378 seconds on emulator to get ready
[DEBUG] com.zeusframework.ZeusbaseTiMVC installed? True
[INFO] Fastdev server running, deploying in Fastdev mode
[INFO] Copying CommonJS modules...
[INFO] Copying project resources..
[TRACE] Generating Java Classes
[TRACE] Launch output: Starting: Intent { act=android.intent.action.MAIN cat=[android.intent.category.LAUNCHER] flg=0x10200000 cmp=com.zeusframework.ZeusbaseTiMVC/.ZeusbasetimvcActivity }

[INFO] Deployed ZeusbaseTiMVC ... Application should be running.
[INFO] Forwarding host port 50752 to device for debugging.
[DEBUG] Processing Android resource drawables
[DEBUG] copying app icon: /Users/hyokosies/Workspaces/Titanium/ZeusbaseTi.MVC/build/android/bin/assets/Resources/appicon.png
[DEBUG] generating theme.xml
[DEBUG] found drawable-long-land-hdpi splash screen at /Users/hyokosies/Workspaces/Titanium/ZeusbaseTi.MVC/Resources/android/images/res-long-land-hdpi/default.png
[DEBUG] copying /Users/hyokosies/Workspaces/Titanium/ZeusbaseTi.MVC/Resources/android/images/res-long-land-hdpi/default.png splash screen to /Users/hyokosies/Workspaces/Titanium/ZeusbaseTi.MVC/build/android/res/drawable-long-land-hdpi/background.png
[DEBUG] found drawable-long-land-ldpi splash screen at /Users/hyokosies/Workspaces/Titanium/ZeusbaseTi.MVC/Resources/android/images/res-long-land-ldpi/default.png
[DEBUG] copying /Users/hyokosies/Workspaces/Titanium/ZeusbaseTi.MVC/Resources/android/images/res-long-land-ldpi/default.png splash screen to /Users/hyokosies/Workspaces/Titanium/ZeusbaseTi.MVC/build/android/res/drawable-long-land-ldpi/background.png
[DEBUG] found drawable-long-port-hdpi splash screen at /Users/hyokosies/Workspaces/Titanium/ZeusbaseTi.MVC/Resources/android/images/res-long-port-hdpi/default.png
[DEBUG] copying /Users/hyokosies/Workspaces/Titanium/ZeusbaseTi.MVC/Resources/android/images/res-long-port-hdpi/default.png splash screen to /Users/hyokosies/Workspaces/Titanium/ZeusbaseTi.MVC/build/android/res/drawable-long-port-hdpi/background.png
[DEBUG] found drawable-long-port-ldpi splash screen at /Users/hyokosies/Workspaces/Titanium/ZeusbaseTi.MVC/Resources/android/images/res-long-port-ldpi/default.png
[DEBUG] copying /Users/hyokosies/Workspaces/Titanium/ZeusbaseTi.MVC/Resources/android/images/res-long-port-ldpi/default.png splash screen to /Users/hyokosies/Workspaces/Titanium/ZeusbaseTi.MVC/build/android/res/drawable-long-port-ldpi/background.png
[DEBUG] found drawable-notlong-land-hdpi splash screen at /Users/hyokosies/Workspaces/Titanium/ZeusbaseTi.MVC/Resources/android/images/res-notlong-land-hdpi/default.png
[DEBUG] copying /Users/hyokosies/Workspaces/Titanium/ZeusbaseTi.MVC/Resources/android/images/res-notlong-land-hdpi/default.png splash screen to /Users/hyokosies/Workspaces/Titanium/ZeusbaseTi.MVC/build/android/res/drawable-notlong-land-hdpi/background.png
[DEBUG] found drawable-notlong-land-ldpi splash screen at /Users/hyokosies/Workspaces/Titanium/ZeusbaseTi.MVC/Resources/android/images/res-notlong-land-ldpi/default.png
[DEBUG] copying /Users/hyokosies/Workspaces/Titanium/ZeusbaseTi.MVC/Resources/android/images/res-notlong-land-ldpi/default.png splash screen to /Users/hyokosies/Workspaces/Titanium/ZeusbaseTi.MVC/build/android/res/drawable-notlong-land-ldpi/background.png
[DEBUG] found drawable-notlong-land-mdpi splash screen at /Users/hyokosies/Workspaces/Titanium/ZeusbaseTi.MVC/Resources/android/images/res-notlong-land-mdpi/default.png
[DEBUG] copying /Users/hyokosies/Workspaces/Titanium/ZeusbaseTi.MVC/Resources/android/images/res-notlong-land-mdpi/default.png splash screen to /Users/hyokosies/Workspaces/Titanium/ZeusbaseTi.MVC/build/android/res/drawable-notlong-land-mdpi/background.png
[DEBUG] found drawable-notlong-port-hdpi splash screen at /Users/hyokosies/Workspaces/Titanium/ZeusbaseTi.MVC/Resources/android/images/res-notlong-port-hdpi/default.png
[DEBUG] copying /Users/hyokosies/Workspaces/Titanium/ZeusbaseTi.MVC/Resources/android/images/res-notlong-port-hdpi/default.png splash screen to /Users/hyokosies/Workspaces/Titanium/ZeusbaseTi.MVC/build/android/res/drawable-notlong-port-hdpi/background.png
[DEBUG] found drawable-notlong-port-ldpi splash screen at /Users/hyokosies/Workspaces/Titanium/ZeusbaseTi.MVC/Resources/android/images/res-notlong-port-ldpi/default.png
[DEBUG] copying /Users/hyokosies/Workspaces/Titanium/ZeusbaseTi.MVC/Resources/android/images/res-notlong-port-ldpi/default.png splash screen to /Users/hyokosies/Workspaces/Titanium/ZeusbaseTi.MVC/build/android/res/drawable-notlong-port-ldpi/background.png
[DEBUG] found drawable-notlong-port-mdpi splash screen at /Users/hyokosies/Workspaces/Titanium/ZeusbaseTi.MVC/Resources/android/images/res-notlong-port-mdpi/default.png
[DEBUG] copying /Users/hyokosies/Workspaces/Titanium/ZeusbaseTi.MVC/Resources/android/images/res-notlong-port-mdpi/default.png splash screen to /Users/hyokosies/Workspaces/Titanium/ZeusbaseTi.MVC/build/android/res/drawable-notlong-port-mdpi/background.png
[DEBUG] found splash screen at /Users/hyokosies/Workspaces/Titanium/ZeusbaseTi.MVC/build/android/bin/assets/Resources/default.png
[TRACE] Writing out AndroidManifest.xml
[DEBUG] adding /Users/hyokosies/Workspaces/Titanium/ZeusbaseTi.MVC/build/android/gen/com/zeusframework/ZeusbaseTiMVC/R.java to javac build list
[DEBUG] adding /Users/hyokosies/Workspaces/Titanium/ZeusbaseTi.MVC/build/android/gen/com/zeusframework/ZeusbaseTiMVC/ZeusbasetimvcActivity.java to javac build list
[DEBUG] adding /Users/hyokosies/Workspaces/Titanium/ZeusbaseTi.MVC/build/android/gen/com/zeusframework/ZeusbaseTiMVC/ZeusbasetimvcAppInfo.java to javac build list
[DEBUG] adding /Users/hyokosies/Workspaces/Titanium/ZeusbaseTi.MVC/build/android/gen/com/zeusframework/ZeusbaseTiMVC/ZeusbasetimvcApplication.java to javac build list
[DEBUG] Building Java Sources: "/Users/hyokosies/Workspaces/Titanium/ZeusbaseTi.MVC/build/android/gen/com/zeusframework/ZeusbaseTiMVC/R.java" "/Users/hyokosies/Workspaces/Titanium/ZeusbaseTi.MVC/build/android/gen/com/zeusframework/ZeusbaseTiMVC/ZeusbasetimvcActivity.java" "/Users/hyokosies/Workspaces/Titanium/ZeusbaseTi.MVC/build/android/gen/com/zeusframework/ZeusbaseTiMVC/ZeusbasetimvcAppInfo.java" "/Users/hyokosies/Workspaces/Titanium/ZeusbaseTi.MVC/build/android/gen/com/zeusframework/ZeusbaseTiMVC/ZeusbasetimvcApplication.java"
[INFO] Waiting for SDCard to become available..
[INFO] Compiling Android Resources... This could take some time
[DEBUG] Android classes.dex built
[DEBUG] creating unsigned apk: /Users/hyokosies/Workspaces/Titanium/ZeusbaseTi.MVC/build/android/bin/app-unsigned.apk
[DEBUG] from resource zip => assets/Resources/mvc/assets/databases/app.sqlite
[DEBUG] from resource zip => assets/Resources/mvc/assets/images/dashboard/account_off.png
[DEBUG] from resource zip => assets/Resources/mvc/assets/images/dashboard/account_on.png
[DEBUG] from resource zip => assets/Resources/mvc/assets/images/dashboard/calls_off.png
[DEBUG] from resource zip => assets/Resources/mvc/assets/images/dashboard/calls_on.png
[DEBUG] from resource zip => assets/Resources/mvc/assets/images/dashboard/cases_off.png
[DEBUG] from resource zip => assets/Resources/mvc/assets/images/dashboard/cases_on.png
[DEBUG] from resource zip => assets/Resources/mvc/assets/images/dashboard/contacts_off.png
[DEBUG] from resource zip => assets/Resources/mvc/assets/images/dashboard/contacts_on.png
[DEBUG] from resource zip => assets/Resources/mvc/assets/images/dashboard/emps_off.png
[DEBUG] from resource zip => assets/Resources/mvc/assets/images/dashboard/emps_on.png
[DEBUG] from resource zip => assets/Resources/mvc/assets/images/dashboard/leads_off.png
[DEBUG] from resource zip => assets/Resources/mvc/assets/images/dashboard/leads_on.png
[DEBUG] from resource zip => assets/Resources/mvc/assets/images/dashboard/meetings_off.png
[DEBUG] from resource zip => assets/Resources/mvc/assets/images/dashboard/meetings_on.png
[DEBUG] from resource zip => assets/Resources/mvc/assets/images/dashboard/opps_off.png
[DEBUG] from resource zip => assets/Resources/mvc/assets/images/dashboard/opps_on.png
[DEBUG] from resource zip => assets/Resources/mvc/assets/images/dashboard/tasks_off.png
[DEBUG] from resource zip => assets/Resources/mvc/assets/images/dashboard/tasks_on.png
[DEBUG] from resource zip => assets/Resources/mvc/assets/images/layouts/banner.png
[DEBUG] from resource zip => assets/Resources/mvc/assets/images/layouts/tabbar.png
[DEBUG] from resource zip => assets/Resources/mvc/components/controller.js
[DEBUG] from resource zip => assets/Resources/mvc/components/database.js
[DEBUG] from resource zip => assets/Resources/mvc/components/model.js
[DEBUG] from resource zip => assets/Resources/mvc/components/scrollablegridview.js
[DEBUG] from resource zip => assets/Resources/mvc/components/view.js
[DEBUG] from resource zip => assets/Resources/mvc/controllers/dashboard.js
[DEBUG] from resource zip => assets/Resources/mvc/controllers/example.js
[DEBUG] from resource zip => assets/Resources/mvc/controllers/main.js
[DEBUG] from resource zip => assets/Resources/mvc/controllers/tab.js
[DEBUG] from resource zip => assets/Resources/mvc/core/timvc.js
[DEBUG] from resource zip => assets/Resources/mvc/models/setting.js
[DEBUG] from resource zip => assets/Resources/mvc/views/dashboard/simplewindow.js
[DEBUG] from resource zip => assets/Resources/mvc/views/example/dashboard.js
[DEBUG] from resource zip => assets/Resources/mvc/views/example/multidashboard.js
[DEBUG] from resource zip => assets/Resources/mvc/views/layouts/default.js
[DEBUG] from resource zip => assets/Resources/mvc/views/main/home.js
[DEBUG] from resource zip => assets/Resources/mvc/views/tab/simplewindow.js
[DEBUG] from resource zip => assets/Resources/app.js
[DEBUG] from resource zip => assets/Resources/app.jss
[DEBUG] from resource zip => assets/Resources/appicon.png
[DEBUG] from resource zip => assets/Resources/default.png
[DEBUG] from resource zip => assets/Resources/ti.cloud.js
[DEBUG] from resource zip => assets/app.json
[DEBUG] from resource zip => assets/index.json
[DEBUG] from resource zip => assets/tiapp.xml
[DEBUG] from resource zip => res/drawable/appicon.png
[DEBUG] from resource zip => res/drawable/background.png
[DEBUG] from resource zip => res/drawable/close.png
[DEBUG] from resource zip => res/drawable/facebook_login.png
[DEBUG] from resource zip => res/drawable/facebook_login_down.png
[DEBUG] from resource zip => res/drawable/facebook_login_wide.png
[DEBUG] from resource zip => res/drawable/facebook_login_wide_down.png
[DEBUG] from resource zip => res/drawable/facebook_logout.png
[DEBUG] from resource zip => res/drawable/facebook_logout_down.png
[DEBUG] from resource zip => res/layout/titanium_tabgroup.xml
[DEBUG] from resource zip => AndroidManifest.xml
[DEBUG] from resource zip => resources.arsc
[DEBUG] from resource zip => res/drawable-hdpi/close.png
[DEBUG] from resource zip => res/drawable-ldpi/close.png
[DEBUG] from resource zip => res/drawable-long-land-hdpi/background.png
[DEBUG] from resource zip => res/drawable-long-land-ldpi/background.png
[DEBUG] from resource zip => res/drawable-long-port-hdpi/background.png
[DEBUG] from resource zip => res/drawable-long-port-ldpi/background.png
[DEBUG] from resource zip => res/drawable-notlong-land-hdpi/background.png
[DEBUG] from resource zip => res/drawable-notlong-land-ldpi/background.png
[DEBUG] from resource zip => res/drawable-notlong-land-mdpi/background.png
[DEBUG] from resource zip => res/drawable-notlong-port-hdpi/background.png
[DEBUG] from resource zip => res/drawable-notlong-port-ldpi/background.png
[DEBUG] from resource zip => res/drawable-notlong-port-mdpi/background.png
[DEBUG] from JAR /Users/hyokosies/Library/Application Support/Titanium/mobilesdk/osx/2.1.4.GA/android/thirdparty.jar => org/apache/Commons-NOTICE.txt
[DEBUG] from JAR /Users/hyokosies/Library/Application Support/Titanium/mobilesdk/osx/2.1.4.GA/android/thirdparty.jar => org/apache/HttpComponents-NOTICE.txt
[DEBUG] from JAR /Users/hyokosies/Library/Application Support/Titanium/mobilesdk/osx/2.1.4.GA/android/thirdparty.jar => org/apache/mime4j-NOTICE.txt
[DEBUG] from JAR /Users/hyokosies/Library/Application Support/Titanium/mobilesdk/osx/2.1.4.GA/android/titanium.jar => org/appcelerator/titanium/build.properties
[DEBUG] from JAR /Users/hyokosies/Library/Application Support/Titanium/mobilesdk/osx/2.1.4.GA/android/titanium.jar => org/appcelerator/titanium/res/drawable/background.png
[DEBUG] from JAR /Users/hyokosies/Library/Application Support/Titanium/mobilesdk/osx/2.1.4.GA/android/titanium.jar => org/appcelerator/titanium/res/drawable/btn_check_buttonless_on.png
[DEBUG] from JAR /Users/hyokosies/Library/Application Support/Titanium/mobilesdk/osx/2.1.4.GA/android/titanium.jar => org/appcelerator/titanium/res/drawable/btn_check_buttonless_on_18.png
[DEBUG] from JAR /Users/hyokosies/Library/Application Support/Titanium/mobilesdk/osx/2.1.4.GA/android/titanium.jar => org/appcelerator/titanium/res/drawable/btn_check_buttonless_on_48.png
[DEBUG] from JAR /Users/hyokosies/Library/Application Support/Titanium/mobilesdk/osx/2.1.4.GA/android/titanium.jar => org/appcelerator/titanium/res/drawable/btn_more.png
[DEBUG] from JAR /Users/hyokosies/Library/Application Support/Titanium/mobilesdk/osx/2.1.4.GA/android/titanium.jar => org/appcelerator/titanium/res/drawable/btn_more_18.png
[DEBUG] from JAR /Users/hyokosies/Library/Application Support/Titanium/mobilesdk/osx/2.1.4.GA/android/titanium.jar => org/appcelerator/titanium/res/drawable/btn_more_48.png
[DEBUG] from JAR /Users/hyokosies/Library/Application Support/Titanium/mobilesdk/osx/2.1.4.GA/android/titanium.jar => org/appcelerator/titanium/res/drawable/btn_picker_normal.9.png
[DEBUG] from JAR /Users/hyokosies/Library/Application Support/Titanium/mobilesdk/osx/2.1.4.GA/android/titanium.jar => org/appcelerator/titanium/res/drawable/btn_picker_pressed.9.png
[DEBUG] from JAR /Users/hyokosies/Library/Application Support/Titanium/mobilesdk/osx/2.1.4.GA/android/titanium.jar => org/appcelerator/titanium/res/drawable/btn_picker_selected.9.png
[DEBUG] from JAR /Users/hyokosies/Library/Application Support/Titanium/mobilesdk/osx/2.1.4.GA/android/titanium.jar => org/appcelerator/titanium/res/drawable/default_icon.png
[DEBUG] from JAR /Users/hyokosies/Library/Application Support/Titanium/mobilesdk/osx/2.1.4.GA/android/titanium.jar => org/appcelerator/titanium/res/drawable/photoDefault.png
[DEBUG] from JAR /Users/hyokosies/Library/Application Support/Titanium/mobilesdk/osx/2.1.4.GA/android/modules/titanium-facebook.jar => ti/modules/titanium/facebook/LICENSE
[DEBUG] from JAR /Users/hyokosies/Library/Application Support/Titanium/mobilesdk/osx/2.1.4.GA/android/modules/titanium-ui.jar => ti/modules/titanium/ui/widget/webview/binding.js
[DEBUG] from JAR /Users/hyokosies/Library/Application Support/Titanium/mobilesdk/osx/2.1.4.GA/android/modules/titanium-ui.jar => ti/modules/titanium/ui/widget/webview/binding.min.js
[DEBUG] from JAR /Users/hyokosies/Library/Application Support/Titanium/mobilesdk/osx/2.1.4.GA/android/modules/titanium-ui.jar => ti/modules/titanium/ui/widget/webview/json2.js
[DEBUG] from JAR /Users/hyokosies/Library/Application Support/Titanium/mobilesdk/osx/2.1.4.GA/android/modules/titanium-ui.jar => ti/modules/titanium/ui/widget/webview/polling.js
[DEBUG] from JAR /Users/hyokosies/Library/Application Support/Titanium/mobilesdk/osx/2.1.4.GA/android/modules/titanium-ui.jar => ti/modules/titanium/ui/widget/webview/polling.min.js
[DEBUG] installing native SDK libs
[DEBUG] Waiting for device to be ready ...
[TRACE] adb devices returned 1 devices/emulators
[DEBUG] Device connected... (waited 0 seconds)
[DEBUG] waited 0.016899 seconds on emulator to get ready
[INFO] Installing application on emulator
[INFO] Launching application ... ZeusbaseTiMVC
[TRACE] Launch output: Starting: Intent { act=android.intent.action.MAIN cat=[android.intent.category.LAUNCHER] flg=0x10200000 cmp=com.zeusframework.ZeusbaseTiMVC/.ZeusbasetimvcActivity }

[INFO] Deployed ZeusbaseTiMVC ... Application should be running.
[INFO] Forwarding host port 50846 to device for debugging.
[DEBUG] signal caught: 15
[DEBUG] calling emulator kill on 11603
